000 (9385802.000.000) 08/18 16:03:41 Job submitted from host: <10.10.47.121:47383>
...
001 (9385802.000.000) 08/18 16:04:01 Job executing on host: <10.10.47.132:41170>
...
006 (9385802.000.000) 08/18 16:04:09 Image size of job updated: 402444
	160  -  MemoryUsage of job (MB)
	163340  -  ResidentSetSize of job (KB)
...
006 (9385802.000.000) 08/18 16:07:06 Image size of job updated: 417940
	160  -  MemoryUsage of job (MB)
	163340  -  ResidentSetSize of job (KB)
...
005 (9385802.000.000) 08/18 16:07:06 Job terminated.
	(1) Normal termination (return value 0)
		Usr 0 00:02:00, Sys 0 00:00:00  -  Run Remote Usage
		Usr 0 00:00:00, Sys 0 00:00:00  -  Run Local Usage
		Usr 0 00:02:00, Sys 0 00:00:00  -  Total Remote Usage
		Usr 0 00:00:00, Sys 0 00:00:00  -  Total Local Usage
	0  -  Run Bytes Sent By Job
	0  -  Run Bytes Received By Job
	0  -  Total Bytes Sent By Job
	0  -  Total Bytes Received By Job
	Partitionable Resources :    Usage  Request          
	   Cpus                 :                 1          
	   Disk (KB)            :        2        2          
	   Memory (MB)          :      160      160          
...
