000 (9370892.000.000) 08/01 17:31:17 Job submitted from host: <10.10.47.121:47383>
...
001 (9370892.000.000) 08/01 17:31:26 Job executing on host: <10.10.47.123:33633>
...
006 (9370892.000.000) 08/01 17:31:35 Image size of job updated: 421076
	184  -  MemoryUsage of job (MB)
	188268  -  ResidentSetSize of job (KB)
...
006 (9370892.000.000) 08/01 17:34:17 Image size of job updated: 425912
	184  -  MemoryUsage of job (MB)
	188268  -  ResidentSetSize of job (KB)
...
005 (9370892.000.000) 08/01 17:34:18 Job terminated.
	(1) Normal termination (return value 0)
		Usr 0 00:01:57, Sys 0 00:00:02  -  Run Remote Usage
		Usr 0 00:00:00, Sys 0 00:00:00  -  Run Local Usage
		Usr 0 00:01:57, Sys 0 00:00:02  -  Total Remote Usage
		Usr 0 00:00:00, Sys 0 00:00:00  -  Total Local Usage
	0  -  Run Bytes Sent By Job
	0  -  Run Bytes Received By Job
	0  -  Total Bytes Sent By Job
	0  -  Total Bytes Received By Job
	Partitionable Resources :    Usage  Request          
	   Cpus                 :                 1          
	   Disk (KB)            :        1        1          
	   Memory (MB)          :      184      184          
...
