000 (9370911.000.000) 08/01 17:31:19 Job submitted from host: <10.10.47.121:47383>
...
001 (9370911.000.000) 08/01 17:31:34 Job executing on host: <10.10.47.129:58088>
...
006 (9370911.000.000) 08/01 17:31:43 Image size of job updated: 354440
	122  -  MemoryUsage of job (MB)
	124100  -  ResidentSetSize of job (KB)
...
006 (9370911.000.000) 08/01 17:33:25 Image size of job updated: 426432
	122  -  MemoryUsage of job (MB)
	124100  -  ResidentSetSize of job (KB)
...
005 (9370911.000.000) 08/01 17:33:25 Job terminated.
	(1) Normal termination (return value 0)
		Usr 0 00:01:20, Sys 0 00:00:01  -  Run Remote Usage
		Usr 0 00:00:00, Sys 0 00:00:00  -  Run Local Usage
		Usr 0 00:01:20, Sys 0 00:00:01  -  Total Remote Usage
		Usr 0 00:00:00, Sys 0 00:00:00  -  Total Local Usage
	0  -  Run Bytes Sent By Job
	0  -  Run Bytes Received By Job
	0  -  Total Bytes Sent By Job
	0  -  Total Bytes Received By Job
	Partitionable Resources :    Usage  Request          
	   Cpus                 :                 1          
	   Disk (KB)            :        1        1          
	   Memory (MB)          :      122      122          
...
