000 (9385807.000.000) 08/18 16:03:42 Job submitted from host: <10.10.47.121:47383>
...
001 (9385807.000.000) 08/18 16:04:01 Job executing on host: <10.10.47.128:45339>
...
006 (9385807.000.000) 08/18 16:04:10 Image size of job updated: 31736
	4  -  MemoryUsage of job (MB)
	3820  -  ResidentSetSize of job (KB)
...
006 (9385807.000.000) 08/18 16:05:35 Image size of job updated: 412772
	4  -  MemoryUsage of job (MB)
	3820  -  ResidentSetSize of job (KB)
...
005 (9385807.000.000) 08/18 16:05:35 Job terminated.
	(1) Normal termination (return value 0)
		Usr 0 00:00:40, Sys 0 00:00:00  -  Run Remote Usage
		Usr 0 00:00:00, Sys 0 00:00:00  -  Run Local Usage
		Usr 0 00:00:40, Sys 0 00:00:00  -  Total Remote Usage
		Usr 0 00:00:00, Sys 0 00:00:00  -  Total Local Usage
	0  -  Run Bytes Sent By Job
	0  -  Run Bytes Received By Job
	0  -  Total Bytes Sent By Job
	0  -  Total Bytes Received By Job
	Partitionable Resources :    Usage  Request          
	   Cpus                 :                 1          
	   Disk (KB)            :        1        1          
	   Memory (MB)          :        4        4          
...
