[7mlsetup              [0m lsetup <tool1> [ <tool2> ...] (see lsetup -h):
[7m lsetup agis        [0m  ATLAS Grid Information System
[7m lsetup asetup      [0m  (or asetup) to setup an Athena release
[7m lsetup atlantis    [0m  Atlantis: event display
[7m lsetup eiclient    [0m  Event Index 
[7m lsetup emi         [0m  EMI: grid middleware user interface 
[7m lsetup ganga       [0m  Ganga: job definition and management client
[7m lsetup lcgenv      [0m  lcgenv: setup tools from cvmfs SFT repository
[7m lsetup panda       [0m  Panda: Production ANd Distributed Analysis
[7m lsetup pod         [0m  Proof-on-Demand (obsolete)
[7m lsetup pyami       [0m  pyAMI: ATLAS Metadata Interface python client
[7m lsetup root        [0m  ROOT data processing framework
[7m lsetup rucio       [0m  distributed data management system client
[7m lsetup views       [0m  Set up a full LCG release
[7m lsetup xcache      [0m  XRootD local proxy cache
[7m lsetup xrootd      [0m  XRootD data access
[7madvancedTools       [0m advanced tools menu
[7mdiagnostics         [0m diagnostic tools menu
[7mhelpMe              [0m more help
[7mprintMenu           [0m show this menu
[7mshowVersions        [0m show versions of installed software

Using AnalysisBase/21.2.83 [cmake] with platform x86_64-slc6-gcc62-opt
	at /cvmfs/atlas.cern.ch/repo/sw/software/21.2
('Test area:', '/home/ouxiaowei/gbbCalibPackage/source')
!!! source complete !!!
TupleAna constructor, no tree specified
==============================================
doDebug: 0
isR20p7: 0
Systematics_R20p7: FATJET_JER__1up,JET_Rtrk_Baseline_Kin__1up,JET_Rtrk_Baseline_Kin__1down,JET_Rtrk_Modelling_Kin__1up,JET_Rtrk_Modelling_Kin__1down,JET_Rtrk_TotalStat_Kin__1up,JET_Rtrk_TotalStat_Kin__1down,JET_Rtrk_Tracking_Kin__1up,JET_Rtrk_Tracking_Kin__1down,FATJET_JMR__1up,JET_Rtrk_Baseline_Sub__1up,JET_Rtrk_Baseline_Sub__1down,JET_Rtrk_Modelling_Sub__1up,JET_Rtrk_Modelling_Sub__1down,JET_Rtrk_TotalStat_Sub__1up,JET_Rtrk_TotalStat_Sub__1down,JET_Rtrk_Tracking_Sub__1up,JET_Rtrk_Tracking_Sub__1down
Systematics_R21: JET_EffectiveNP_R10_6restTerm__1up,JET_EffectiveNP_R10_6restTerm__1down,JET_EtaIntercalibration_Modelling__1up,JET_EtaIntercalibration_Modelling__1down,JET_EtaIntercalibration_NonClosure_2018data__1up,JET_EtaIntercalibration_NonClosure_2018data__1down,JET_EtaIntercalibration_R10_TotalStat__1up,JET_EtaIntercalibration_R10_TotalStat__1down,JET_EffectiveNP_R10_1__1up,JET_EffectiveNP_R10_1__1down,JET_EffectiveNP_R10_2__1up,JET_EffectiveNP_R10_2__1down,JET_EffectiveNP_R10_3__1up,JET_EffectiveNP_R10_3__1down,JET_EffectiveNP_R10_4__1up,JET_EffectiveNP_R10_4__1down,JET_EffectiveNP_R10_5__1up,JET_EffectiveNP_R10_5__1down,JET_Flavor_Composition__1up,JET_Flavor_Composition__1down,JET_Flavor_Response__1up,JET_Flavor_Response__1down,MUON_ID__1up,MUON_ID__1down,MUON_SAGITTA_RESBIAS__1up,MUON_SAGITTA_RESBIAS__1down,MUON_SCALE__1up,MUON_SCALE__1down,MUON_EFF_TTVA_SYS__1up,MUON_EFF_TTVA_SYS__1down,TRK_RES_D0_MEAS__1up,TRK_RES_D0_MEAS__1down,TRK_RES_Z0_MEAS__1up,TRK_RES_Z0_MEAS__1down,TRK_RES_D0_DEAD,TRK_RES_Z0_DEAD,TRK_BIAS_D0_WM,TRK_BIAS_QOVERP_SAGITTA_WM,TRK_BIAS_Z0_WM,TRK_EFF_LOOSE_GLOBAL,TRK_EFF_LOOSE_IBL,TRK_EFF_LOOSE_PHYSMODEL,TRK_EFF_LOOSE_PP0,TRK_FAKE_RATE_LOOSE,TRK_EFF_LOOSE_TIDE,TRK_FAKE_RATE_LOOSE_TIDE
Systematics_Sd0: Conversion__1up,Conversion__1down,HadMatInt__1up,HadMatInt__1down,LightLongLived__1up,LightLongLived__1down,D0Smear__1up,D0Smear__1down,Z0Smear__1up,Z0Smear__1down,FakeMuons__1up
Systematics_WeightVar: 
MergeMap: BB:BBB,BBC,BBL,BBx,BCB,BLB,CBB,LBB|BL:BCC,BCL,BCx,CBC,CBL,CBx,CCB,BLC,BLL,BLx,LBC,LBL,LBx,CLB,LCB,LLB,Bxx|CC:CCC,CCL,CCx,CLC,LCC|CL:CLL,CLx,LCL,LCx,LLC,Cxx|LL:LLL,LLx,Lxx
mergeFlavours: 1
useLeadingJets: 0
FatJetFlavours: 
TrkJetPtBins: 200,300|100,200|100,200
FatJetPtBins: 550,600,750,1000
TemplateVariable: mjmeanSd0,nmjmeanSd0
PlotVariables: 
==============================================
Loaded GlobalConfig
RunMode: AllPlots
minimalTree: 1
BTagWP: SubjetBScore|FixedCutBEff_50|0
GeneratorName: Pythia
doJetPtEtaReweighting: 0
JetPtEtaReweightingFile: /global/homes/w/wuy45/temp/gbbCalibPackage/run/workspace/reweightedFile/reweighted_nmu_out.root
JetPtEtaReweightingFileInclusive: /global/homes/w/wuy45/temp/gbbCalibPackage/run/workspace/reweightedFile/reweighted_mu_out.root
doTrackSmearing: 1
noMuonReq: 0
doApplyBTaggingSF 0
doSd0Systematics (will only work if nominal): 0
m_doEvemOddTemplates: 0
m_doPostfitPtReweighting: 0
m_PostfitPtReweightingFile: DEFAULT.root
useVRTrkJets: 1
==============================================
creating HistogramService
Running on Nominal sample!
Processing event: 0 of 51215
Processing event: 1000 of 51215
Processing event: 2000 of 51215
Processing event: 3000 of 51215
Processing event: 4000 of 51215
Processing event: 5000 of 51215
Processing event: 6000 of 51215
Processing event: 7000 of 51215
Processing event: 8000 of 51215
Processing event: 9000 of 51215
Processing event: 10000 of 51215
Processing event: 11000 of 51215
Processing event: 12000 of 51215
Processing event: 13000 of 51215
Processing event: 14000 of 51215
Processing event: 15000 of 51215
Processing event: 16000 of 51215
Processing event: 17000 of 51215
Processing event: 18000 of 51215
Processing event: 19000 of 51215
Processing event: 20000 of 51215
Processing event: 21000 of 51215
Processing event: 22000 of 51215
Processing event: 23000 of 51215
Processing event: 24000 of 51215
Processing event: 25000 of 51215
Processing event: 26000 of 51215
Processing event: 27000 of 51215
Processing event: 28000 of 51215
Processing event: 29000 of 51215
Processing event: 30000 of 51215
Processing event: 31000 of 51215
Processing event: 32000 of 51215
Processing event: 33000 of 51215
Processing event: 34000 of 51215
Processing event: 35000 of 51215
Processing event: 36000 of 51215
Processing event: 37000 of 51215
Processing event: 38000 of 51215
Processing event: 39000 of 51215
Processing event: 40000 of 51215
Processing event: 41000 of 51215
Processing event: 42000 of 51215
Processing event: 43000 of 51215
Processing event: 44000 of 51215
Processing event: 45000 of 51215
Processing event: 46000 of 51215
Processing event: 47000 of 51215
Processing event: 48000 of 51215
Processing event: 49000 of 51215
Processing event: 50000 of 51215
Processing event: 51000 of 51215
real entries processed51215
wrote histo file=./result_data/filelist_301.root
TupleAna constructor, no tree specified
==============================================
doDebug: 0
isR20p7: 0
Systematics_R20p7: FATJET_JER__1up,JET_Rtrk_Baseline_Kin__1up,JET_Rtrk_Baseline_Kin__1down,JET_Rtrk_Modelling_Kin__1up,JET_Rtrk_Modelling_Kin__1down,JET_Rtrk_TotalStat_Kin__1up,JET_Rtrk_TotalStat_Kin__1down,JET_Rtrk_Tracking_Kin__1up,JET_Rtrk_Tracking_Kin__1down,FATJET_JMR__1up,JET_Rtrk_Baseline_Sub__1up,JET_Rtrk_Baseline_Sub__1down,JET_Rtrk_Modelling_Sub__1up,JET_Rtrk_Modelling_Sub__1down,JET_Rtrk_TotalStat_Sub__1up,JET_Rtrk_TotalStat_Sub__1down,JET_Rtrk_Tracking_Sub__1up,JET_Rtrk_Tracking_Sub__1down
Systematics_R21: JET_EffectiveNP_R10_6restTerm__1up,JET_EffectiveNP_R10_6restTerm__1down,JET_EtaIntercalibration_Modelling__1up,JET_EtaIntercalibration_Modelling__1down,JET_EtaIntercalibration_NonClosure_2018data__1up,JET_EtaIntercalibration_NonClosure_2018data__1down,JET_EtaIntercalibration_R10_TotalStat__1up,JET_EtaIntercalibration_R10_TotalStat__1down,JET_EffectiveNP_R10_1__1up,JET_EffectiveNP_R10_1__1down,JET_EffectiveNP_R10_2__1up,JET_EffectiveNP_R10_2__1down,JET_EffectiveNP_R10_3__1up,JET_EffectiveNP_R10_3__1down,JET_EffectiveNP_R10_4__1up,JET_EffectiveNP_R10_4__1down,JET_EffectiveNP_R10_5__1up,JET_EffectiveNP_R10_5__1down,JET_Flavor_Composition__1up,JET_Flavor_Composition__1down,JET_Flavor_Response__1up,JET_Flavor_Response__1down,MUON_ID__1up,MUON_ID__1down,MUON_SAGITTA_RESBIAS__1up,MUON_SAGITTA_RESBIAS__1down,MUON_SCALE__1up,MUON_SCALE__1down,MUON_EFF_TTVA_SYS__1up,MUON_EFF_TTVA_SYS__1down,TRK_RES_D0_MEAS__1up,TRK_RES_D0_MEAS__1down,TRK_RES_Z0_MEAS__1up,TRK_RES_Z0_MEAS__1down,TRK_RES_D0_DEAD,TRK_RES_Z0_DEAD,TRK_BIAS_D0_WM,TRK_BIAS_QOVERP_SAGITTA_WM,TRK_BIAS_Z0_WM,TRK_EFF_LOOSE_GLOBAL,TRK_EFF_LOOSE_IBL,TRK_EFF_LOOSE_PHYSMODEL,TRK_EFF_LOOSE_PP0,TRK_FAKE_RATE_LOOSE,TRK_EFF_LOOSE_TIDE,TRK_FAKE_RATE_LOOSE_TIDE
Systematics_Sd0: Conversion__1up,Conversion__1down,HadMatInt__1up,HadMatInt__1down,LightLongLived__1up,LightLongLived__1down,D0Smear__1up,D0Smear__1down,Z0Smear__1up,Z0Smear__1down,FakeMuons__1up
Systematics_WeightVar: 
MergeMap: BB:BBB,BBC,BBL,BBx,BCB,BLB,CBB,LBB|BL:BCC,BCL,BCx,CBC,CBL,CBx,CCB,BLC,BLL,BLx,LBC,LBL,LBx,CLB,LCB,LLB,Bxx|CC:CCC,CCL,CCx,CLC,LCC|CL:CLL,CLx,LCL,LCx,LLC,Cxx|LL:LLL,LLx,Lxx
mergeFlavours: 1
useLeadingJets: 0
FatJetFlavours: 
TrkJetPtBins: 200,300|100,200|100,200
FatJetPtBins: 550,600,750,1000
TemplateVariable: mjmeanSd0,nmjmeanSd0
PlotVariables: 
==============================================
Loaded GlobalConfig
RunMode: AllPlots
minimalTree: 1
BTagWP: SubjetBScore|FixedCutBEff_50|0
GeneratorName: Pythia
doJetPtEtaReweighting: 0
JetPtEtaReweightingFile: /global/homes/w/wuy45/temp/gbbCalibPackage/run/workspace/reweightedFile/reweighted_nmu_out.root
JetPtEtaReweightingFileInclusive: /global/homes/w/wuy45/temp/gbbCalibPackage/run/workspace/reweightedFile/reweighted_mu_out.root
doTrackSmearing: 1
noMuonReq: 0
doApplyBTaggingSF 0
doSd0Systematics (will only work if nominal): 0
m_doEvemOddTemplates: 0
m_doPostfitPtReweighting: 0
m_PostfitPtReweightingFile: DEFAULT.root
useVRTrkJets: 1
==============================================
creating HistogramService
Running on Nominal sample!
Processing event: 0 of 45103
Processing event: 1000 of 45103
Processing event: 2000 of 45103
Processing event: 3000 of 45103
Processing event: 4000 of 45103
Processing event: 5000 of 45103
Processing event: 6000 of 45103
Processing event: 7000 of 45103
Processing event: 8000 of 45103
Processing event: 9000 of 45103
Processing event: 10000 of 45103
Processing event: 11000 of 45103
Processing event: 12000 of 45103
Processing event: 13000 of 45103
Processing event: 14000 of 45103
Processing event: 15000 of 45103
Processing event: 16000 of 45103
Processing event: 17000 of 45103
Processing event: 18000 of 45103
Processing event: 19000 of 45103
Processing event: 20000 of 45103
Processing event: 21000 of 45103
Processing event: 22000 of 45103
Processing event: 23000 of 45103
Processing event: 24000 of 45103
Processing event: 25000 of 45103
Processing event: 26000 of 45103
Processing event: 27000 of 45103
Processing event: 28000 of 45103
Processing event: 29000 of 45103
Processing event: 30000 of 45103
Processing event: 31000 of 45103
Processing event: 32000 of 45103
Processing event: 33000 of 45103
Processing event: 34000 of 45103
Processing event: 35000 of 45103
Processing event: 36000 of 45103
Processing event: 37000 of 45103
Processing event: 38000 of 45103
Processing event: 39000 of 45103
Processing event: 40000 of 45103
Processing event: 41000 of 45103
Processing event: 42000 of 45103
Processing event: 43000 of 45103
Processing event: 44000 of 45103
Processing event: 45000 of 45103
real entries processed45103
wrote histo file=./result_data/filelist_302.root
TupleAna constructor, no tree specified
==============================================
doDebug: 0
isR20p7: 0
Systematics_R20p7: FATJET_JER__1up,JET_Rtrk_Baseline_Kin__1up,JET_Rtrk_Baseline_Kin__1down,JET_Rtrk_Modelling_Kin__1up,JET_Rtrk_Modelling_Kin__1down,JET_Rtrk_TotalStat_Kin__1up,JET_Rtrk_TotalStat_Kin__1down,JET_Rtrk_Tracking_Kin__1up,JET_Rtrk_Tracking_Kin__1down,FATJET_JMR__1up,JET_Rtrk_Baseline_Sub__1up,JET_Rtrk_Baseline_Sub__1down,JET_Rtrk_Modelling_Sub__1up,JET_Rtrk_Modelling_Sub__1down,JET_Rtrk_TotalStat_Sub__1up,JET_Rtrk_TotalStat_Sub__1down,JET_Rtrk_Tracking_Sub__1up,JET_Rtrk_Tracking_Sub__1down
Systematics_R21: JET_EffectiveNP_R10_6restTerm__1up,JET_EffectiveNP_R10_6restTerm__1down,JET_EtaIntercalibration_Modelling__1up,JET_EtaIntercalibration_Modelling__1down,JET_EtaIntercalibration_NonClosure_2018data__1up,JET_EtaIntercalibration_NonClosure_2018data__1down,JET_EtaIntercalibration_R10_TotalStat__1up,JET_EtaIntercalibration_R10_TotalStat__1down,JET_EffectiveNP_R10_1__1up,JET_EffectiveNP_R10_1__1down,JET_EffectiveNP_R10_2__1up,JET_EffectiveNP_R10_2__1down,JET_EffectiveNP_R10_3__1up,JET_EffectiveNP_R10_3__1down,JET_EffectiveNP_R10_4__1up,JET_EffectiveNP_R10_4__1down,JET_EffectiveNP_R10_5__1up,JET_EffectiveNP_R10_5__1down,JET_Flavor_Composition__1up,JET_Flavor_Composition__1down,JET_Flavor_Response__1up,JET_Flavor_Response__1down,MUON_ID__1up,MUON_ID__1down,MUON_SAGITTA_RESBIAS__1up,MUON_SAGITTA_RESBIAS__1down,MUON_SCALE__1up,MUON_SCALE__1down,MUON_EFF_TTVA_SYS__1up,MUON_EFF_TTVA_SYS__1down,TRK_RES_D0_MEAS__1up,TRK_RES_D0_MEAS__1down,TRK_RES_Z0_MEAS__1up,TRK_RES_Z0_MEAS__1down,TRK_RES_D0_DEAD,TRK_RES_Z0_DEAD,TRK_BIAS_D0_WM,TRK_BIAS_QOVERP_SAGITTA_WM,TRK_BIAS_Z0_WM,TRK_EFF_LOOSE_GLOBAL,TRK_EFF_LOOSE_IBL,TRK_EFF_LOOSE_PHYSMODEL,TRK_EFF_LOOSE_PP0,TRK_FAKE_RATE_LOOSE,TRK_EFF_LOOSE_TIDE,TRK_FAKE_RATE_LOOSE_TIDE
Systematics_Sd0: Conversion__1up,Conversion__1down,HadMatInt__1up,HadMatInt__1down,LightLongLived__1up,LightLongLived__1down,D0Smear__1up,D0Smear__1down,Z0Smear__1up,Z0Smear__1down,FakeMuons__1up
Systematics_WeightVar: 
MergeMap: BB:BBB,BBC,BBL,BBx,BCB,BLB,CBB,LBB|BL:BCC,BCL,BCx,CBC,CBL,CBx,CCB,BLC,BLL,BLx,LBC,LBL,LBx,CLB,LCB,LLB,Bxx|CC:CCC,CCL,CCx,CLC,LCC|CL:CLL,CLx,LCL,LCx,LLC,Cxx|LL:LLL,LLx,Lxx
mergeFlavours: 1
useLeadingJets: 0
FatJetFlavours: 
TrkJetPtBins: 200,300|100,200|100,200
FatJetPtBins: 550,600,750,1000
TemplateVariable: mjmeanSd0,nmjmeanSd0
PlotVariables: 
==============================================
Loaded GlobalConfig
RunMode: AllPlots
minimalTree: 1
BTagWP: SubjetBScore|FixedCutBEff_50|0
GeneratorName: Pythia
doJetPtEtaReweighting: 0
JetPtEtaReweightingFile: /global/homes/w/wuy45/temp/gbbCalibPackage/run/workspace/reweightedFile/reweighted_nmu_out.root
JetPtEtaReweightingFileInclusive: /global/homes/w/wuy45/temp/gbbCalibPackage/run/workspace/reweightedFile/reweighted_mu_out.root
doTrackSmearing: 1
noMuonReq: 0
doApplyBTaggingSF 0
doSd0Systematics (will only work if nominal): 0
m_doEvemOddTemplates: 0
m_doPostfitPtReweighting: 0
m_PostfitPtReweightingFile: DEFAULT.root
useVRTrkJets: 1
==============================================
creating HistogramService
Running on Nominal sample!
Processing event: 0 of 53927
Processing event: 1000 of 53927
Processing event: 2000 of 53927
Processing event: 3000 of 53927
Processing event: 4000 of 53927
Processing event: 5000 of 53927
Processing event: 6000 of 53927
Processing event: 7000 of 53927
Processing event: 8000 of 53927
Processing event: 9000 of 53927
Processing event: 10000 of 53927
Processing event: 11000 of 53927
Processing event: 12000 of 53927
Processing event: 13000 of 53927
Processing event: 14000 of 53927
Processing event: 15000 of 53927
Processing event: 16000 of 53927
Processing event: 17000 of 53927
Processing event: 18000 of 53927
Processing event: 19000 of 53927
Processing event: 20000 of 53927
Processing event: 21000 of 53927
Processing event: 22000 of 53927
Processing event: 23000 of 53927
Processing event: 24000 of 53927
Processing event: 25000 of 53927
Processing event: 26000 of 53927
Processing event: 27000 of 53927
Processing event: 28000 of 53927
Processing event: 29000 of 53927
Processing event: 30000 of 53927
Processing event: 31000 of 53927
Processing event: 32000 of 53927
Processing event: 33000 of 53927
Processing event: 34000 of 53927
Processing event: 35000 of 53927
Processing event: 36000 of 53927
Processing event: 37000 of 53927
Processing event: 38000 of 53927
Processing event: 39000 of 53927
Processing event: 40000 of 53927
Processing event: 41000 of 53927
Processing event: 42000 of 53927
Processing event: 43000 of 53927
Processing event: 44000 of 53927
Processing event: 45000 of 53927
Processing event: 46000 of 53927
Processing event: 47000 of 53927
Processing event: 48000 of 53927
Processing event: 49000 of 53927
Processing event: 50000 of 53927
Processing event: 51000 of 53927
Processing event: 52000 of 53927
Processing event: 53000 of 53927
real entries processed53927
wrote histo file=./result_data/filelist_303.root
TupleAna constructor, no tree specified
==============================================
doDebug: 0
isR20p7: 0
Systematics_R20p7: FATJET_JER__1up,JET_Rtrk_Baseline_Kin__1up,JET_Rtrk_Baseline_Kin__1down,JET_Rtrk_Modelling_Kin__1up,JET_Rtrk_Modelling_Kin__1down,JET_Rtrk_TotalStat_Kin__1up,JET_Rtrk_TotalStat_Kin__1down,JET_Rtrk_Tracking_Kin__1up,JET_Rtrk_Tracking_Kin__1down,FATJET_JMR__1up,JET_Rtrk_Baseline_Sub__1up,JET_Rtrk_Baseline_Sub__1down,JET_Rtrk_Modelling_Sub__1up,JET_Rtrk_Modelling_Sub__1down,JET_Rtrk_TotalStat_Sub__1up,JET_Rtrk_TotalStat_Sub__1down,JET_Rtrk_Tracking_Sub__1up,JET_Rtrk_Tracking_Sub__1down
Systematics_R21: JET_EffectiveNP_R10_6restTerm__1up,JET_EffectiveNP_R10_6restTerm__1down,JET_EtaIntercalibration_Modelling__1up,JET_EtaIntercalibration_Modelling__1down,JET_EtaIntercalibration_NonClosure_2018data__1up,JET_EtaIntercalibration_NonClosure_2018data__1down,JET_EtaIntercalibration_R10_TotalStat__1up,JET_EtaIntercalibration_R10_TotalStat__1down,JET_EffectiveNP_R10_1__1up,JET_EffectiveNP_R10_1__1down,JET_EffectiveNP_R10_2__1up,JET_EffectiveNP_R10_2__1down,JET_EffectiveNP_R10_3__1up,JET_EffectiveNP_R10_3__1down,JET_EffectiveNP_R10_4__1up,JET_EffectiveNP_R10_4__1down,JET_EffectiveNP_R10_5__1up,JET_EffectiveNP_R10_5__1down,JET_Flavor_Composition__1up,JET_Flavor_Composition__1down,JET_Flavor_Response__1up,JET_Flavor_Response__1down,MUON_ID__1up,MUON_ID__1down,MUON_SAGITTA_RESBIAS__1up,MUON_SAGITTA_RESBIAS__1down,MUON_SCALE__1up,MUON_SCALE__1down,MUON_EFF_TTVA_SYS__1up,MUON_EFF_TTVA_SYS__1down,TRK_RES_D0_MEAS__1up,TRK_RES_D0_MEAS__1down,TRK_RES_Z0_MEAS__1up,TRK_RES_Z0_MEAS__1down,TRK_RES_D0_DEAD,TRK_RES_Z0_DEAD,TRK_BIAS_D0_WM,TRK_BIAS_QOVERP_SAGITTA_WM,TRK_BIAS_Z0_WM,TRK_EFF_LOOSE_GLOBAL,TRK_EFF_LOOSE_IBL,TRK_EFF_LOOSE_PHYSMODEL,TRK_EFF_LOOSE_PP0,TRK_FAKE_RATE_LOOSE,TRK_EFF_LOOSE_TIDE,TRK_FAKE_RATE_LOOSE_TIDE
Systematics_Sd0: Conversion__1up,Conversion__1down,HadMatInt__1up,HadMatInt__1down,LightLongLived__1up,LightLongLived__1down,D0Smear__1up,D0Smear__1down,Z0Smear__1up,Z0Smear__1down,FakeMuons__1up
Systematics_WeightVar: 
MergeMap: BB:BBB,BBC,BBL,BBx,BCB,BLB,CBB,LBB|BL:BCC,BCL,BCx,CBC,CBL,CBx,CCB,BLC,BLL,BLx,LBC,LBL,LBx,CLB,LCB,LLB,Bxx|CC:CCC,CCL,CCx,CLC,LCC|CL:CLL,CLx,LCL,LCx,LLC,Cxx|LL:LLL,LLx,Lxx
mergeFlavours: 1
useLeadingJets: 0
FatJetFlavours: 
TrkJetPtBins: 200,300|100,200|100,200
FatJetPtBins: 550,600,750,1000
TemplateVariable: mjmeanSd0,nmjmeanSd0
PlotVariables: 
==============================================
Loaded GlobalConfig
RunMode: AllPlots
minimalTree: 1
BTagWP: SubjetBScore|FixedCutBEff_50|0
GeneratorName: Pythia
doJetPtEtaReweighting: 0
JetPtEtaReweightingFile: /global/homes/w/wuy45/temp/gbbCalibPackage/run/workspace/reweightedFile/reweighted_nmu_out.root
JetPtEtaReweightingFileInclusive: /global/homes/w/wuy45/temp/gbbCalibPackage/run/workspace/reweightedFile/reweighted_mu_out.root
doTrackSmearing: 1
noMuonReq: 0
doApplyBTaggingSF 0
doSd0Systematics (will only work if nominal): 0
m_doEvemOddTemplates: 0
m_doPostfitPtReweighting: 0
m_PostfitPtReweightingFile: DEFAULT.root
useVRTrkJets: 1
==============================================
creating HistogramService
Running on Nominal sample!
Processing event: 0 of 50114
Processing event: 1000 of 50114
Processing event: 2000 of 50114
Processing event: 3000 of 50114
Processing event: 4000 of 50114
Processing event: 5000 of 50114
Processing event: 6000 of 50114
Processing event: 7000 of 50114
Processing event: 8000 of 50114
Processing event: 9000 of 50114
Processing event: 10000 of 50114
Processing event: 11000 of 50114
Processing event: 12000 of 50114
Processing event: 13000 of 50114
Processing event: 14000 of 50114
Processing event: 15000 of 50114
Processing event: 16000 of 50114
Processing event: 17000 of 50114
Processing event: 18000 of 50114
Processing event: 19000 of 50114
Processing event: 20000 of 50114
Processing event: 21000 of 50114
Processing event: 22000 of 50114
Processing event: 23000 of 50114
Processing event: 24000 of 50114
Processing event: 25000 of 50114
Processing event: 26000 of 50114
Processing event: 27000 of 50114
Processing event: 28000 of 50114
Processing event: 29000 of 50114
Processing event: 30000 of 50114
Processing event: 31000 of 50114
Processing event: 32000 of 50114
Processing event: 33000 of 50114
Processing event: 34000 of 50114
Processing event: 35000 of 50114
Processing event: 36000 of 50114
Processing event: 37000 of 50114
Processing event: 38000 of 50114
Processing event: 39000 of 50114
Processing event: 40000 of 50114
Processing event: 41000 of 50114
Processing event: 42000 of 50114
Processing event: 43000 of 50114
Processing event: 44000 of 50114
Processing event: 45000 of 50114
Processing event: 46000 of 50114
Processing event: 47000 of 50114
Processing event: 48000 of 50114
Processing event: 49000 of 50114
Processing event: 50000 of 50114
real entries processed50114
wrote histo file=./result_data/filelist_304.root
TupleAna constructor, no tree specified
==============================================
doDebug: 0
isR20p7: 0
Systematics_R20p7: FATJET_JER__1up,JET_Rtrk_Baseline_Kin__1up,JET_Rtrk_Baseline_Kin__1down,JET_Rtrk_Modelling_Kin__1up,JET_Rtrk_Modelling_Kin__1down,JET_Rtrk_TotalStat_Kin__1up,JET_Rtrk_TotalStat_Kin__1down,JET_Rtrk_Tracking_Kin__1up,JET_Rtrk_Tracking_Kin__1down,FATJET_JMR__1up,JET_Rtrk_Baseline_Sub__1up,JET_Rtrk_Baseline_Sub__1down,JET_Rtrk_Modelling_Sub__1up,JET_Rtrk_Modelling_Sub__1down,JET_Rtrk_TotalStat_Sub__1up,JET_Rtrk_TotalStat_Sub__1down,JET_Rtrk_Tracking_Sub__1up,JET_Rtrk_Tracking_Sub__1down
Systematics_R21: JET_EffectiveNP_R10_6restTerm__1up,JET_EffectiveNP_R10_6restTerm__1down,JET_EtaIntercalibration_Modelling__1up,JET_EtaIntercalibration_Modelling__1down,JET_EtaIntercalibration_NonClosure_2018data__1up,JET_EtaIntercalibration_NonClosure_2018data__1down,JET_EtaIntercalibration_R10_TotalStat__1up,JET_EtaIntercalibration_R10_TotalStat__1down,JET_EffectiveNP_R10_1__1up,JET_EffectiveNP_R10_1__1down,JET_EffectiveNP_R10_2__1up,JET_EffectiveNP_R10_2__1down,JET_EffectiveNP_R10_3__1up,JET_EffectiveNP_R10_3__1down,JET_EffectiveNP_R10_4__1up,JET_EffectiveNP_R10_4__1down,JET_EffectiveNP_R10_5__1up,JET_EffectiveNP_R10_5__1down,JET_Flavor_Composition__1up,JET_Flavor_Composition__1down,JET_Flavor_Response__1up,JET_Flavor_Response__1down,MUON_ID__1up,MUON_ID__1down,MUON_SAGITTA_RESBIAS__1up,MUON_SAGITTA_RESBIAS__1down,MUON_SCALE__1up,MUON_SCALE__1down,MUON_EFF_TTVA_SYS__1up,MUON_EFF_TTVA_SYS__1down,TRK_RES_D0_MEAS__1up,TRK_RES_D0_MEAS__1down,TRK_RES_Z0_MEAS__1up,TRK_RES_Z0_MEAS__1down,TRK_RES_D0_DEAD,TRK_RES_Z0_DEAD,TRK_BIAS_D0_WM,TRK_BIAS_QOVERP_SAGITTA_WM,TRK_BIAS_Z0_WM,TRK_EFF_LOOSE_GLOBAL,TRK_EFF_LOOSE_IBL,TRK_EFF_LOOSE_PHYSMODEL,TRK_EFF_LOOSE_PP0,TRK_FAKE_RATE_LOOSE,TRK_EFF_LOOSE_TIDE,TRK_FAKE_RATE_LOOSE_TIDE
Systematics_Sd0: Conversion__1up,Conversion__1down,HadMatInt__1up,HadMatInt__1down,LightLongLived__1up,LightLongLived__1down,D0Smear__1up,D0Smear__1down,Z0Smear__1up,Z0Smear__1down,FakeMuons__1up
Systematics_WeightVar: 
MergeMap: BB:BBB,BBC,BBL,BBx,BCB,BLB,CBB,LBB|BL:BCC,BCL,BCx,CBC,CBL,CBx,CCB,BLC,BLL,BLx,LBC,LBL,LBx,CLB,LCB,LLB,Bxx|CC:CCC,CCL,CCx,CLC,LCC|CL:CLL,CLx,LCL,LCx,LLC,Cxx|LL:LLL,LLx,Lxx
mergeFlavours: 1
useLeadingJets: 0
FatJetFlavours: 
TrkJetPtBins: 200,300|100,200|100,200
FatJetPtBins: 550,600,750,1000
TemplateVariable: mjmeanSd0,nmjmeanSd0
PlotVariables: 
==============================================
Loaded GlobalConfig
RunMode: AllPlots
minimalTree: 1
BTagWP: SubjetBScore|FixedCutBEff_50|0
GeneratorName: Pythia
doJetPtEtaReweighting: 0
JetPtEtaReweightingFile: /global/homes/w/wuy45/temp/gbbCalibPackage/run/workspace/reweightedFile/reweighted_nmu_out.root
JetPtEtaReweightingFileInclusive: /global/homes/w/wuy45/temp/gbbCalibPackage/run/workspace/reweightedFile/reweighted_mu_out.root
doTrackSmearing: 1
noMuonReq: 0
doApplyBTaggingSF 0
doSd0Systematics (will only work if nominal): 0
m_doEvemOddTemplates: 0
m_doPostfitPtReweighting: 0
m_PostfitPtReweightingFile: DEFAULT.root
useVRTrkJets: 1
==============================================
creating HistogramService
Running on Nominal sample!
Processing event: 0 of 30910
Processing event: 1000 of 30910
Processing event: 2000 of 30910
Processing event: 3000 of 30910
Processing event: 4000 of 30910
Processing event: 5000 of 30910
Processing event: 6000 of 30910
Processing event: 7000 of 30910
Processing event: 8000 of 30910
Processing event: 9000 of 30910
Processing event: 10000 of 30910
Processing event: 11000 of 30910
Processing event: 12000 of 30910
Processing event: 13000 of 30910
Processing event: 14000 of 30910
Processing event: 15000 of 30910
Processing event: 16000 of 30910
Processing event: 17000 of 30910
Processing event: 18000 of 30910
Processing event: 19000 of 30910
Processing event: 20000 of 30910
Processing event: 21000 of 30910
Processing event: 22000 of 30910
Processing event: 23000 of 30910
Processing event: 24000 of 30910
Processing event: 25000 of 30910
Processing event: 26000 of 30910
Processing event: 27000 of 30910
Processing event: 28000 of 30910
Processing event: 29000 of 30910
Processing event: 30000 of 30910
real entries processed30910
wrote histo file=./result_data/filelist_305.root
