000 (9370899.000.000) 08/01 17:31:18 Job submitted from host: <10.10.47.121:47383>
...
001 (9370899.000.000) 08/01 17:31:34 Job executing on host: <10.10.47.130:56170>
...
006 (9370899.000.000) 08/01 17:31:42 Image size of job updated: 336304
	89  -  MemoryUsage of job (MB)
	91092  -  ResidentSetSize of job (KB)
...
006 (9370899.000.000) 08/01 17:36:42 Image size of job updated: 427156
	190  -  MemoryUsage of job (MB)
	193732  -  ResidentSetSize of job (KB)
...
005 (9370899.000.000) 08/01 17:38:35 Job terminated.
	(1) Normal termination (return value 0)
		Usr 0 00:06:11, Sys 0 00:00:05  -  Run Remote Usage
		Usr 0 00:00:00, Sys 0 00:00:00  -  Run Local Usage
		Usr 0 00:06:11, Sys 0 00:00:05  -  Total Remote Usage
		Usr 0 00:00:00, Sys 0 00:00:00  -  Total Local Usage
	0  -  Run Bytes Sent By Job
	0  -  Run Bytes Received By Job
	0  -  Total Bytes Sent By Job
	0  -  Total Bytes Received By Job
	Partitionable Resources :    Usage  Request          
	   Cpus                 :                 1          
	   Disk (KB)            :        1        1          
	   Memory (MB)          :      190      190          
...
