000 (9370898.000.000) 08/01 17:31:18 Job submitted from host: <10.10.47.121:47383>
...
001 (9370898.000.000) 08/01 17:31:34 Job executing on host: <10.10.47.123:33633>
...
006 (9370898.000.000) 08/01 17:31:42 Image size of job updated: 339856
	95  -  MemoryUsage of job (MB)
	96904  -  ResidentSetSize of job (KB)
...
006 (9370898.000.000) 08/01 17:36:42 Image size of job updated: 426536
	189  -  MemoryUsage of job (MB)
	193192  -  ResidentSetSize of job (KB)
...
006 (9370898.000.000) 08/01 17:38:21 Image size of job updated: 427052
	189  -  MemoryUsage of job (MB)
	193192  -  ResidentSetSize of job (KB)
...
005 (9370898.000.000) 08/01 17:38:21 Job terminated.
	(1) Normal termination (return value 0)
		Usr 0 00:05:47, Sys 0 00:00:04  -  Run Remote Usage
		Usr 0 00:00:00, Sys 0 00:00:00  -  Run Local Usage
		Usr 0 00:05:47, Sys 0 00:00:04  -  Total Remote Usage
		Usr 0 00:00:00, Sys 0 00:00:00  -  Total Local Usage
	0  -  Run Bytes Sent By Job
	0  -  Run Bytes Received By Job
	0  -  Total Bytes Sent By Job
	0  -  Total Bytes Received By Job
	Partitionable Resources :    Usage  Request          
	   Cpus                 :                 1          
	   Disk (KB)            :        1        1          
	   Memory (MB)          :      189      189          
...
