[7mlsetup              [0m lsetup <tool1> [ <tool2> ...] (see lsetup -h):
[7m lsetup agis        [0m  ATLAS Grid Information System
[7m lsetup asetup      [0m  (or asetup) to setup an Athena release
[7m lsetup atlantis    [0m  Atlantis: event display
[7m lsetup eiclient    [0m  Event Index 
[7m lsetup emi         [0m  EMI: grid middleware user interface 
[7m lsetup ganga       [0m  Ganga: job definition and management client
[7m lsetup lcgenv      [0m  lcgenv: setup tools from cvmfs SFT repository
[7m lsetup panda       [0m  Panda: Production ANd Distributed Analysis
[7m lsetup pod         [0m  Proof-on-Demand (obsolete)
[7m lsetup pyami       [0m  pyAMI: ATLAS Metadata Interface python client
[7m lsetup root        [0m  ROOT data processing framework
[7m lsetup rucio       [0m  distributed data management system client
[7m lsetup views       [0m  Set up a full LCG release
[7m lsetup xcache      [0m  XRootD local proxy cache
[7m lsetup xrootd      [0m  XRootD data access
[7madvancedTools       [0m advanced tools menu
[7mdiagnostics         [0m diagnostic tools menu
[7mhelpMe              [0m more help
[7mprintMenu           [0m show this menu
[7mshowVersions        [0m show versions of installed software

Warning: unpacked repo has not been updated recently; /cvmfs/unpacked.cern.ch/logDir/lastUpdate does not exist
!!!Warning!!! ignore non-existent input nightliesarea=/cvmfs/atlas-nightlies.cern.ch/repo/sw
!!!Warning!!! ignore non-existent nightly-type release location=/cvmfs/atlas-nightlies.cern.ch/repo/sw
Using AnalysisBase/21.2.83 [cmake] with platform x86_64-slc6-gcc62-opt
	at /cvmfs/atlas.cern.ch/repo/sw/software/21.2
('Test area:', '/home/ouxiaowei/gbbCalibPackage/source')
!!! source complete !!!
TupleAna constructor, no tree specified
==============================================
doDebug: 0
isR20p7: 0
Systematics_R20p7: FATJET_JER__1up,JET_Rtrk_Baseline_Kin__1up,JET_Rtrk_Baseline_Kin__1down,JET_Rtrk_Modelling_Kin__1up,JET_Rtrk_Modelling_Kin__1down,JET_Rtrk_TotalStat_Kin__1up,JET_Rtrk_TotalStat_Kin__1down,JET_Rtrk_Tracking_Kin__1up,JET_Rtrk_Tracking_Kin__1down,FATJET_JMR__1up,JET_Rtrk_Baseline_Sub__1up,JET_Rtrk_Baseline_Sub__1down,JET_Rtrk_Modelling_Sub__1up,JET_Rtrk_Modelling_Sub__1down,JET_Rtrk_TotalStat_Sub__1up,JET_Rtrk_TotalStat_Sub__1down,JET_Rtrk_Tracking_Sub__1up,JET_Rtrk_Tracking_Sub__1down
Systematics_R21: JET_EffectiveNP_R10_6restTerm__1up,JET_EffectiveNP_R10_6restTerm__1down,JET_EtaIntercalibration_Modelling__1up,JET_EtaIntercalibration_Modelling__1down,JET_EtaIntercalibration_NonClosure_2018data__1up,JET_EtaIntercalibration_NonClosure_2018data__1down,JET_EtaIntercalibration_R10_TotalStat__1up,JET_EtaIntercalibration_R10_TotalStat__1down,JET_EffectiveNP_R10_1__1up,JET_EffectiveNP_R10_1__1down,JET_EffectiveNP_R10_2__1up,JET_EffectiveNP_R10_2__1down,JET_EffectiveNP_R10_3__1up,JET_EffectiveNP_R10_3__1down,JET_EffectiveNP_R10_4__1up,JET_EffectiveNP_R10_4__1down,JET_EffectiveNP_R10_5__1up,JET_EffectiveNP_R10_5__1down,JET_Flavor_Composition__1up,JET_Flavor_Composition__1down,JET_Flavor_Response__1up,JET_Flavor_Response__1down,MUON_ID__1up,MUON_ID__1down,MUON_SAGITTA_RESBIAS__1up,MUON_SAGITTA_RESBIAS__1down,MUON_SCALE__1up,MUON_SCALE__1down,MUON_EFF_TTVA_SYS__1up,MUON_EFF_TTVA_SYS__1down,TRK_RES_D0_MEAS__1up,TRK_RES_D0_MEAS__1down,TRK_RES_Z0_MEAS__1up,TRK_RES_Z0_MEAS__1down,TRK_RES_D0_DEAD,TRK_RES_Z0_DEAD,TRK_BIAS_D0_WM,TRK_BIAS_QOVERP_SAGITTA_WM,TRK_BIAS_Z0_WM,TRK_EFF_LOOSE_GLOBAL,TRK_EFF_LOOSE_IBL,TRK_EFF_LOOSE_PHYSMODEL,TRK_EFF_LOOSE_PP0,TRK_FAKE_RATE_LOOSE,TRK_EFF_LOOSE_TIDE,TRK_FAKE_RATE_LOOSE_TIDE
Systematics_Sd0: Conversion__1up,Conversion__1down,HadMatInt__1up,HadMatInt__1down,LightLongLived__1up,LightLongLived__1down,D0Smear__1up,D0Smear__1down,Z0Smear__1up,Z0Smear__1down,FakeMuons__1up
Systematics_WeightVar: 
doMergeFlavours: 1
useLeadingJets: 0
FlavourPairs: BB,BL,CC,CL,LL
TrkJetPtBins: 200,300|100,200|100,200
FatJetPtBins: 550,600,750,1000
TemplateVariable: mjmeanSd0,nmjmeanSd0
PlotVariables: fjpt,mjmeanSd0,nmjmeanSd0,mjpt,nmjpt,fjm
PlotBins.fjpt: 500,1000,20
PlotBins.mjmeanSd0: -40,80,20
PlotBins.nmjmeanSd0: -40,80,20
PlotBins.mjpt: 0,500,20
PlotBins.nmjpt: 0,500,20
PlotBins.fjm: 0,400,20
==============================================
Loaded GlobalConfig
RunModes: FillTemplates,FillTrkJetProperties,FillFatJetProperties,FillAdvancedProperties,FillMCStats
BTagWP: SubjetBScore|FixedCutBEff_80|0.25
GeneratorName: Pythia
doJetPtEtaReweighting: 0
JetPtEtaReweightingFile: /global/homes/w/wuy45/temp/gbbCalibPackage/run/workspace/reweightedFile/reweighted_nmu_out.root
JetPtEtaReweightingFileInclusive: /global/homes/w/wuy45/temp/gbbCalibPackage/run/workspace/reweightedFile/reweighted_mu_out.root
doTrackSmearing: 1
noMuonReq: 0
doApplyBTaggingSF 0
doSd0Systematics (will only work if nominal): 1
m_doEvemOddTemplates: 0
m_doPostfitPtReweighting: 0
m_PostfitPtReweightingFile: DEFAULT.root
useVRTrkJets: 1
==============================================
creating HistogramService
Running on Nominal sample!
Processing event: 0 of 596487
Processing event: 1000 of 596487
Processing event: 2000 of 596487
Processing event: 3000 of 596487
Processing event: 4000 of 596487
Processing event: 5000 of 596487
Processing event: 6000 of 596487
Processing event: 7000 of 596487
Processing event: 8000 of 596487
Processing event: 9000 of 596487
Processing event: 10000 of 596487
Processing event: 11000 of 596487
Processing event: 12000 of 596487
Processing event: 13000 of 596487
Processing event: 14000 of 596487
Processing event: 15000 of 596487
Processing event: 16000 of 596487
Processing event: 17000 of 596487
Processing event: 18000 of 596487
Processing event: 19000 of 596487
Processing event: 20000 of 596487
Processing event: 21000 of 596487
Processing event: 22000 of 596487
Processing event: 23000 of 596487
Processing event: 24000 of 596487
Processing event: 25000 of 596487
Processing event: 26000 of 596487
Processing event: 27000 of 596487
Processing event: 28000 of 596487
Processing event: 29000 of 596487
Processing event: 30000 of 596487
Processing event: 31000 of 596487
Processing event: 32000 of 596487
Processing event: 33000 of 596487
Processing event: 34000 of 596487
Processing event: 35000 of 596487
Processing event: 36000 of 596487
Processing event: 37000 of 596487
Processing event: 38000 of 596487
Processing event: 39000 of 596487
Processing event: 40000 of 596487
Processing event: 41000 of 596487
Processing event: 42000 of 596487
Processing event: 43000 of 596487
Processing event: 44000 of 596487
Processing event: 45000 of 596487
Processing event: 46000 of 596487
Processing event: 47000 of 596487
Processing event: 48000 of 596487
Processing event: 49000 of 596487
Processing event: 50000 of 596487
Processing event: 51000 of 596487
Processing event: 52000 of 596487
Processing event: 53000 of 596487
Processing event: 54000 of 596487
Processing event: 55000 of 596487
Processing event: 56000 of 596487
Processing event: 57000 of 596487
Processing event: 58000 of 596487
Processing event: 59000 of 596487
Processing event: 60000 of 596487
Processing event: 61000 of 596487
Processing event: 62000 of 596487
Processing event: 63000 of 596487
Processing event: 64000 of 596487
Processing event: 65000 of 596487
Processing event: 66000 of 596487
Processing event: 67000 of 596487
Processing event: 68000 of 596487
Processing event: 69000 of 596487
Processing event: 70000 of 596487
Processing event: 71000 of 596487
Processing event: 72000 of 596487
Processing event: 73000 of 596487
Processing event: 74000 of 596487
Processing event: 75000 of 596487
Processing event: 76000 of 596487
Processing event: 77000 of 596487
Processing event: 78000 of 596487
Processing event: 79000 of 596487
Processing event: 80000 of 596487
Processing event: 81000 of 596487
Processing event: 82000 of 596487
Processing event: 83000 of 596487
Processing event: 84000 of 596487
Processing event: 85000 of 596487
Processing event: 86000 of 596487
Processing event: 87000 of 596487
Processing event: 88000 of 596487
Processing event: 89000 of 596487
Processing event: 90000 of 596487
Processing event: 91000 of 596487
Processing event: 92000 of 596487
Processing event: 93000 of 596487
Processing event: 94000 of 596487
Processing event: 95000 of 596487
Processing event: 96000 of 596487
Processing event: 97000 of 596487
Processing event: 98000 of 596487
Processing event: 99000 of 596487
Processing event: 100000 of 596487
Processing event: 101000 of 596487
Processing event: 102000 of 596487
Processing event: 103000 of 596487
Processing event: 104000 of 596487
Processing event: 105000 of 596487
Processing event: 106000 of 596487
Processing event: 107000 of 596487
Processing event: 108000 of 596487
Processing event: 109000 of 596487
Processing event: 110000 of 596487
Processing event: 111000 of 596487
Processing event: 112000 of 596487
Processing event: 113000 of 596487
Processing event: 114000 of 596487
Processing event: 115000 of 596487
Processing event: 116000 of 596487
Processing event: 117000 of 596487
Processing event: 118000 of 596487
Processing event: 119000 of 596487
Processing event: 120000 of 596487
Processing event: 121000 of 596487
Processing event: 122000 of 596487
Processing event: 123000 of 596487
Processing event: 124000 of 596487
Processing event: 125000 of 596487
Processing event: 126000 of 596487
Processing event: 127000 of 596487
Processing event: 128000 of 596487
Processing event: 129000 of 596487
Processing event: 130000 of 596487
Processing event: 131000 of 596487
Processing event: 132000 of 596487
Processing event: 133000 of 596487
Processing event: 134000 of 596487
Processing event: 135000 of 596487
Processing event: 136000 of 596487
Processing event: 137000 of 596487
Processing event: 138000 of 596487
Processing event: 139000 of 596487
Processing event: 140000 of 596487
Processing event: 141000 of 596487
Processing event: 142000 of 596487
Processing event: 143000 of 596487
Processing event: 144000 of 596487
Processing event: 145000 of 596487
Processing event: 146000 of 596487
Processing event: 147000 of 596487
Processing event: 148000 of 596487
Processing event: 149000 of 596487
Processing event: 150000 of 596487
Processing event: 151000 of 596487
Processing event: 152000 of 596487
Processing event: 153000 of 596487
Processing event: 154000 of 596487
Processing event: 155000 of 596487
Processing event: 156000 of 596487
Processing event: 157000 of 596487
Processing event: 158000 of 596487
Processing event: 159000 of 596487
Processing event: 160000 of 596487
Processing event: 161000 of 596487
Processing event: 162000 of 596487
Processing event: 163000 of 596487
Processing event: 164000 of 596487
Processing event: 165000 of 596487
Processing event: 166000 of 596487
Processing event: 167000 of 596487
Processing event: 168000 of 596487
Processing event: 169000 of 596487
Processing event: 170000 of 596487
Processing event: 171000 of 596487
Processing event: 172000 of 596487
Processing event: 173000 of 596487
Processing event: 174000 of 596487
Processing event: 175000 of 596487
Processing event: 176000 of 596487
Processing event: 177000 of 596487
Processing event: 178000 of 596487
Processing event: 179000 of 596487
Processing event: 180000 of 596487
Processing event: 181000 of 596487
Processing event: 182000 of 596487
Processing event: 183000 of 596487
Processing event: 184000 of 596487
Processing event: 185000 of 596487
Processing event: 186000 of 596487
Processing event: 187000 of 596487
Processing event: 188000 of 596487
Processing event: 189000 of 596487
Processing event: 190000 of 596487
Processing event: 191000 of 596487
Processing event: 192000 of 596487
Processing event: 193000 of 596487
Processing event: 194000 of 596487
Processing event: 195000 of 596487
Processing event: 196000 of 596487
Processing event: 197000 of 596487
Processing event: 198000 of 596487
Processing event: 199000 of 596487
Processing event: 200000 of 596487
Processing event: 201000 of 596487
Processing event: 202000 of 596487
Processing event: 203000 of 596487
Processing event: 204000 of 596487
Processing event: 205000 of 596487
Processing event: 206000 of 596487
Processing event: 207000 of 596487
Processing event: 208000 of 596487
Processing event: 209000 of 596487
Processing event: 210000 of 596487
Processing event: 211000 of 596487
Processing event: 212000 of 596487
Processing event: 213000 of 596487
Processing event: 214000 of 596487
Processing event: 215000 of 596487
Processing event: 216000 of 596487
Processing event: 217000 of 596487
Processing event: 218000 of 596487
Processing event: 219000 of 596487
Processing event: 220000 of 596487
Processing event: 221000 of 596487
Processing event: 222000 of 596487
Processing event: 223000 of 596487
Processing event: 224000 of 596487
Processing event: 225000 of 596487
Processing event: 226000 of 596487
Processing event: 227000 of 596487
Processing event: 228000 of 596487
Processing event: 229000 of 596487
Processing event: 230000 of 596487
Processing event: 231000 of 596487
Processing event: 232000 of 596487
Processing event: 233000 of 596487
Processing event: 234000 of 596487
Processing event: 235000 of 596487
Processing event: 236000 of 596487
Processing event: 237000 of 596487
Processing event: 238000 of 596487
Processing event: 239000 of 596487
Processing event: 240000 of 596487
Processing event: 241000 of 596487
Processing event: 242000 of 596487
Processing event: 243000 of 596487
Processing event: 244000 of 596487
Processing event: 245000 of 596487
Processing event: 246000 of 596487
Processing event: 247000 of 596487
Processing event: 248000 of 596487
Processing event: 249000 of 596487
Processing event: 250000 of 596487
Processing event: 251000 of 596487
Processing event: 252000 of 596487
Processing event: 253000 of 596487
Processing event: 254000 of 596487
Processing event: 255000 of 596487
Processing event: 256000 of 596487
Processing event: 257000 of 596487
Processing event: 258000 of 596487
Processing event: 259000 of 596487
Processing event: 260000 of 596487
Processing event: 261000 of 596487
Processing event: 262000 of 596487
Processing event: 263000 of 596487
Processing event: 264000 of 596487
Processing event: 265000 of 596487
Processing event: 266000 of 596487
Processing event: 267000 of 596487
Processing event: 268000 of 596487
Processing event: 269000 of 596487
Processing event: 270000 of 596487
Processing event: 271000 of 596487
Processing event: 272000 of 596487
Processing event: 273000 of 596487
Processing event: 274000 of 596487
Processing event: 275000 of 596487
Processing event: 276000 of 596487
Processing event: 277000 of 596487
Processing event: 278000 of 596487
Processing event: 279000 of 596487
Processing event: 280000 of 596487
Processing event: 281000 of 596487
Processing event: 282000 of 596487
Processing event: 283000 of 596487
Processing event: 284000 of 596487
Processing event: 285000 of 596487
Processing event: 286000 of 596487
Processing event: 287000 of 596487
Processing event: 288000 of 596487
Processing event: 289000 of 596487
Processing event: 290000 of 596487
Processing event: 291000 of 596487
Processing event: 292000 of 596487
Processing event: 293000 of 596487
Processing event: 294000 of 596487
Processing event: 295000 of 596487
Processing event: 296000 of 596487
Processing event: 297000 of 596487
Processing event: 298000 of 596487
Processing event: 299000 of 596487
Processing event: 300000 of 596487
Processing event: 301000 of 596487
Processing event: 302000 of 596487
Processing event: 303000 of 596487
Processing event: 304000 of 596487
Processing event: 305000 of 596487
Processing event: 306000 of 596487
Processing event: 307000 of 596487
Processing event: 308000 of 596487
Processing event: 309000 of 596487
Processing event: 310000 of 596487
Processing event: 311000 of 596487
Processing event: 312000 of 596487
Processing event: 313000 of 596487
Processing event: 314000 of 596487
Processing event: 315000 of 596487
Processing event: 316000 of 596487
Processing event: 317000 of 596487
Processing event: 318000 of 596487
Processing event: 319000 of 596487
Processing event: 320000 of 596487
Processing event: 321000 of 596487
Processing event: 322000 of 596487
Processing event: 323000 of 596487
Processing event: 324000 of 596487
Processing event: 325000 of 596487
Processing event: 326000 of 596487
Processing event: 327000 of 596487
Processing event: 328000 of 596487
Processing event: 329000 of 596487
Processing event: 330000 of 596487
Processing event: 331000 of 596487
Processing event: 332000 of 596487
Processing event: 333000 of 596487
Processing event: 334000 of 596487
Processing event: 335000 of 596487
Processing event: 336000 of 596487
Processing event: 337000 of 596487
Processing event: 338000 of 596487
Processing event: 339000 of 596487
Processing event: 340000 of 596487
Processing event: 341000 of 596487
Processing event: 342000 of 596487
Processing event: 343000 of 596487
Processing event: 344000 of 596487
Processing event: 345000 of 596487
Processing event: 346000 of 596487
Processing event: 347000 of 596487
Processing event: 348000 of 596487
Processing event: 349000 of 596487
Processing event: 350000 of 596487
Processing event: 351000 of 596487
Processing event: 352000 of 596487
Processing event: 353000 of 596487
Processing event: 354000 of 596487
Processing event: 355000 of 596487
Processing event: 356000 of 596487
Processing event: 357000 of 596487
Processing event: 358000 of 596487
Processing event: 359000 of 596487
Processing event: 360000 of 596487
Processing event: 361000 of 596487
Processing event: 362000 of 596487
Processing event: 363000 of 596487
Processing event: 364000 of 596487
Processing event: 365000 of 596487
Processing event: 366000 of 596487
Processing event: 367000 of 596487
Processing event: 368000 of 596487
Processing event: 369000 of 596487
Processing event: 370000 of 596487
Processing event: 371000 of 596487
Processing event: 372000 of 596487
Processing event: 373000 of 596487
Processing event: 374000 of 596487
Processing event: 375000 of 596487
Processing event: 376000 of 596487
Processing event: 377000 of 596487
Processing event: 378000 of 596487
Processing event: 379000 of 596487
Processing event: 380000 of 596487
Processing event: 381000 of 596487
Processing event: 382000 of 596487
Processing event: 383000 of 596487
Processing event: 384000 of 596487
Processing event: 385000 of 596487
Processing event: 386000 of 596487
Processing event: 387000 of 596487
Processing event: 388000 of 596487
Processing event: 389000 of 596487
Processing event: 390000 of 596487
Processing event: 391000 of 596487
Processing event: 392000 of 596487
Processing event: 393000 of 596487
Processing event: 394000 of 596487
Processing event: 395000 of 596487
Processing event: 396000 of 596487
Processing event: 397000 of 596487
Processing event: 398000 of 596487
Processing event: 399000 of 596487
Processing event: 400000 of 596487
Processing event: 401000 of 596487
Processing event: 402000 of 596487
Processing event: 403000 of 596487
Processing event: 404000 of 596487
Processing event: 405000 of 596487
Processing event: 406000 of 596487
Processing event: 407000 of 596487
Processing event: 408000 of 596487
Processing event: 409000 of 596487
Processing event: 410000 of 596487
Processing event: 411000 of 596487
Processing event: 412000 of 596487
Processing event: 413000 of 596487
Processing event: 414000 of 596487
Processing event: 415000 of 596487
Processing event: 416000 of 596487
Processing event: 417000 of 596487
Processing event: 418000 of 596487
Processing event: 419000 of 596487
Processing event: 420000 of 596487
Processing event: 421000 of 596487
Processing event: 422000 of 596487
Processing event: 423000 of 596487
Processing event: 424000 of 596487
Processing event: 425000 of 596487
Processing event: 426000 of 596487
Processing event: 427000 of 596487
Processing event: 428000 of 596487
Processing event: 429000 of 596487
Processing event: 430000 of 596487
Processing event: 431000 of 596487
Processing event: 432000 of 596487
Processing event: 433000 of 596487
Processing event: 434000 of 596487
Processing event: 435000 of 596487
Processing event: 436000 of 596487
Processing event: 437000 of 596487
Processing event: 438000 of 596487
Processing event: 439000 of 596487
Processing event: 440000 of 596487
Processing event: 441000 of 596487
Processing event: 442000 of 596487
Processing event: 443000 of 596487
Processing event: 444000 of 596487
Processing event: 445000 of 596487
Processing event: 446000 of 596487
Processing event: 447000 of 596487
Processing event: 448000 of 596487
Processing event: 449000 of 596487
Processing event: 450000 of 596487
Processing event: 451000 of 596487
Processing event: 452000 of 596487
Processing event: 453000 of 596487
Processing event: 454000 of 596487
Processing event: 455000 of 596487
Processing event: 456000 of 596487
Processing event: 457000 of 596487
Processing event: 458000 of 596487
Processing event: 459000 of 596487
Processing event: 460000 of 596487
Processing event: 461000 of 596487
Processing event: 462000 of 596487
Processing event: 463000 of 596487
Processing event: 464000 of 596487
Processing event: 465000 of 596487
Processing event: 466000 of 596487
Processing event: 467000 of 596487
Processing event: 468000 of 596487
Processing event: 469000 of 596487
Processing event: 470000 of 596487
Processing event: 471000 of 596487
Processing event: 472000 of 596487
Processing event: 473000 of 596487
Processing event: 474000 of 596487
Processing event: 475000 of 596487
Processing event: 476000 of 596487
Processing event: 477000 of 596487
Processing event: 478000 of 596487
Processing event: 479000 of 596487
Processing event: 480000 of 596487
Processing event: 481000 of 596487
Processing event: 482000 of 596487
Processing event: 483000 of 596487
Processing event: 484000 of 596487
Processing event: 485000 of 596487
Processing event: 486000 of 596487
Processing event: 487000 of 596487
Processing event: 488000 of 596487
Processing event: 489000 of 596487
Processing event: 490000 of 596487
Processing event: 491000 of 596487
Processing event: 492000 of 596487
Processing event: 493000 of 596487
Processing event: 494000 of 596487
Processing event: 495000 of 596487
Processing event: 496000 of 596487
Processing event: 497000 of 596487
Processing event: 498000 of 596487
Processing event: 499000 of 596487
Processing event: 500000 of 596487
Processing event: 501000 of 596487
Processing event: 502000 of 596487
Processing event: 503000 of 596487
Processing event: 504000 of 596487
Processing event: 505000 of 596487
Processing event: 506000 of 596487
Processing event: 507000 of 596487
Processing event: 508000 of 596487
Processing event: 509000 of 596487
Processing event: 510000 of 596487
Processing event: 511000 of 596487
Processing event: 512000 of 596487
Processing event: 513000 of 596487
Processing event: 514000 of 596487
Processing event: 515000 of 596487
Processing event: 516000 of 596487
Processing event: 517000 of 596487
Processing event: 518000 of 596487
Processing event: 519000 of 596487
Processing event: 520000 of 596487
Processing event: 521000 of 596487
Processing event: 522000 of 596487
Processing event: 523000 of 596487
Processing event: 524000 of 596487
Processing event: 525000 of 596487
Processing event: 526000 of 596487
Processing event: 527000 of 596487
Processing event: 528000 of 596487
Processing event: 529000 of 596487
Processing event: 530000 of 596487
Processing event: 531000 of 596487
Processing event: 532000 of 596487
Processing event: 533000 of 596487
Processing event: 534000 of 596487
Processing event: 535000 of 596487
Processing event: 536000 of 596487
Processing event: 537000 of 596487
Processing event: 538000 of 596487
Processing event: 539000 of 596487
Processing event: 540000 of 596487
Processing event: 541000 of 596487
Processing event: 542000 of 596487
Processing event: 543000 of 596487
Processing event: 544000 of 596487
Processing event: 545000 of 596487
Processing event: 546000 of 596487
Processing event: 547000 of 596487
Processing event: 548000 of 596487
Processing event: 549000 of 596487
Processing event: 550000 of 596487
Processing event: 551000 of 596487
Processing event: 552000 of 596487
Processing event: 553000 of 596487
Processing event: 554000 of 596487
Processing event: 555000 of 596487
Processing event: 556000 of 596487
Processing event: 557000 of 596487
Processing event: 558000 of 596487
Processing event: 559000 of 596487
Processing event: 560000 of 596487
Processing event: 561000 of 596487
Processing event: 562000 of 596487
Processing event: 563000 of 596487
Processing event: 564000 of 596487
Processing event: 565000 of 596487
Processing event: 566000 of 596487
Processing event: 567000 of 596487
Processing event: 568000 of 596487
Processing event: 569000 of 596487
Processing event: 570000 of 596487
Processing event: 571000 of 596487
Processing event: 572000 of 596487
Processing event: 573000 of 596487
Processing event: 574000 of 596487
Processing event: 575000 of 596487
Processing event: 576000 of 596487
Processing event: 577000 of 596487
Processing event: 578000 of 596487
Processing event: 579000 of 596487
Processing event: 580000 of 596487
Processing event: 581000 of 596487
Processing event: 582000 of 596487
Processing event: 583000 of 596487
Processing event: 584000 of 596487
Processing event: 585000 of 596487
Processing event: 586000 of 596487
Processing event: 587000 of 596487
Processing event: 588000 of 596487
Processing event: 589000 of 596487
Processing event: 590000 of 596487
Processing event: 591000 of 596487
Processing event: 592000 of 596487
Processing event: 593000 of 596487
Processing event: 594000 of 596487
Processing event: 595000 of 596487
Processing event: 596000 of 596487
real entries processed596487
wrote histo file=./result_data/filelist_data_34.root
TupleAna constructor, no tree specified
==============================================
doDebug: 0
isR20p7: 0
Systematics_R20p7: FATJET_JER__1up,JET_Rtrk_Baseline_Kin__1up,JET_Rtrk_Baseline_Kin__1down,JET_Rtrk_Modelling_Kin__1up,JET_Rtrk_Modelling_Kin__1down,JET_Rtrk_TotalStat_Kin__1up,JET_Rtrk_TotalStat_Kin__1down,JET_Rtrk_Tracking_Kin__1up,JET_Rtrk_Tracking_Kin__1down,FATJET_JMR__1up,JET_Rtrk_Baseline_Sub__1up,JET_Rtrk_Baseline_Sub__1down,JET_Rtrk_Modelling_Sub__1up,JET_Rtrk_Modelling_Sub__1down,JET_Rtrk_TotalStat_Sub__1up,JET_Rtrk_TotalStat_Sub__1down,JET_Rtrk_Tracking_Sub__1up,JET_Rtrk_Tracking_Sub__1down
Systematics_R21: JET_EffectiveNP_R10_6restTerm__1up,JET_EffectiveNP_R10_6restTerm__1down,JET_EtaIntercalibration_Modelling__1up,JET_EtaIntercalibration_Modelling__1down,JET_EtaIntercalibration_NonClosure_2018data__1up,JET_EtaIntercalibration_NonClosure_2018data__1down,JET_EtaIntercalibration_R10_TotalStat__1up,JET_EtaIntercalibration_R10_TotalStat__1down,JET_EffectiveNP_R10_1__1up,JET_EffectiveNP_R10_1__1down,JET_EffectiveNP_R10_2__1up,JET_EffectiveNP_R10_2__1down,JET_EffectiveNP_R10_3__1up,JET_EffectiveNP_R10_3__1down,JET_EffectiveNP_R10_4__1up,JET_EffectiveNP_R10_4__1down,JET_EffectiveNP_R10_5__1up,JET_EffectiveNP_R10_5__1down,JET_Flavor_Composition__1up,JET_Flavor_Composition__1down,JET_Flavor_Response__1up,JET_Flavor_Response__1down,MUON_ID__1up,MUON_ID__1down,MUON_SAGITTA_RESBIAS__1up,MUON_SAGITTA_RESBIAS__1down,MUON_SCALE__1up,MUON_SCALE__1down,MUON_EFF_TTVA_SYS__1up,MUON_EFF_TTVA_SYS__1down,TRK_RES_D0_MEAS__1up,TRK_RES_D0_MEAS__1down,TRK_RES_Z0_MEAS__1up,TRK_RES_Z0_MEAS__1down,TRK_RES_D0_DEAD,TRK_RES_Z0_DEAD,TRK_BIAS_D0_WM,TRK_BIAS_QOVERP_SAGITTA_WM,TRK_BIAS_Z0_WM,TRK_EFF_LOOSE_GLOBAL,TRK_EFF_LOOSE_IBL,TRK_EFF_LOOSE_PHYSMODEL,TRK_EFF_LOOSE_PP0,TRK_FAKE_RATE_LOOSE,TRK_EFF_LOOSE_TIDE,TRK_FAKE_RATE_LOOSE_TIDE
Systematics_Sd0: Conversion__1up,Conversion__1down,HadMatInt__1up,HadMatInt__1down,LightLongLived__1up,LightLongLived__1down,D0Smear__1up,D0Smear__1down,Z0Smear__1up,Z0Smear__1down,FakeMuons__1up
Systematics_WeightVar: 
doMergeFlavours: 1
useLeadingJets: 0
FlavourPairs: BB,BL,CC,CL,LL
TrkJetPtBins: 200,300|100,200|100,200
FatJetPtBins: 550,600,750,1000
TemplateVariable: mjmeanSd0,nmjmeanSd0
PlotVariables: fjpt,mjmeanSd0,nmjmeanSd0,mjpt,nmjpt,fjm
PlotBins.fjpt: 500,1000,20
PlotBins.mjmeanSd0: -40,80,20
PlotBins.nmjmeanSd0: -40,80,20
PlotBins.mjpt: 0,500,20
PlotBins.nmjpt: 0,500,20
PlotBins.fjm: 0,400,20
==============================================
Loaded GlobalConfig
RunModes: FillTemplates,FillTrkJetProperties,FillFatJetProperties,FillAdvancedProperties,FillMCStats
BTagWP: SubjetBScore|FixedCutBEff_80|0.25
GeneratorName: Pythia
doJetPtEtaReweighting: 0
JetPtEtaReweightingFile: /global/homes/w/wuy45/temp/gbbCalibPackage/run/workspace/reweightedFile/reweighted_nmu_out.root
JetPtEtaReweightingFileInclusive: /global/homes/w/wuy45/temp/gbbCalibPackage/run/workspace/reweightedFile/reweighted_mu_out.root
doTrackSmearing: 1
noMuonReq: 0
doApplyBTaggingSF 0
doSd0Systematics (will only work if nominal): 1
m_doEvemOddTemplates: 0
m_doPostfitPtReweighting: 0
m_PostfitPtReweightingFile: DEFAULT.root
useVRTrkJets: 1
==============================================
creating HistogramService
Running on Nominal sample!
Processing event: 0 of 435303
Processing event: 1000 of 435303
Processing event: 2000 of 435303
Processing event: 3000 of 435303
Processing event: 4000 of 435303
Processing event: 5000 of 435303
Processing event: 6000 of 435303
Processing event: 7000 of 435303
Processing event: 8000 of 435303
Processing event: 9000 of 435303
Processing event: 10000 of 435303
Processing event: 11000 of 435303
Processing event: 12000 of 435303
Processing event: 13000 of 435303
Processing event: 14000 of 435303
Processing event: 15000 of 435303
Processing event: 16000 of 435303
Processing event: 17000 of 435303
Processing event: 18000 of 435303
Processing event: 19000 of 435303
Processing event: 20000 of 435303
Processing event: 21000 of 435303
Processing event: 22000 of 435303
Processing event: 23000 of 435303
Processing event: 24000 of 435303
Processing event: 25000 of 435303
Processing event: 26000 of 435303
Processing event: 27000 of 435303
Processing event: 28000 of 435303
Processing event: 29000 of 435303
Processing event: 30000 of 435303
Processing event: 31000 of 435303
Processing event: 32000 of 435303
Processing event: 33000 of 435303
Processing event: 34000 of 435303
Processing event: 35000 of 435303
Processing event: 36000 of 435303
Processing event: 37000 of 435303
Processing event: 38000 of 435303
Processing event: 39000 of 435303
Processing event: 40000 of 435303
Processing event: 41000 of 435303
Processing event: 42000 of 435303
Processing event: 43000 of 435303
Processing event: 44000 of 435303
Processing event: 45000 of 435303
Processing event: 46000 of 435303
Processing event: 47000 of 435303
Processing event: 48000 of 435303
Processing event: 49000 of 435303
Processing event: 50000 of 435303
Processing event: 51000 of 435303
Processing event: 52000 of 435303
Processing event: 53000 of 435303
Processing event: 54000 of 435303
Processing event: 55000 of 435303
Processing event: 56000 of 435303
Processing event: 57000 of 435303
Processing event: 58000 of 435303
Processing event: 59000 of 435303
Processing event: 60000 of 435303
Processing event: 61000 of 435303
Processing event: 62000 of 435303
Processing event: 63000 of 435303
Processing event: 64000 of 435303
Processing event: 65000 of 435303
Processing event: 66000 of 435303
Processing event: 67000 of 435303
Processing event: 68000 of 435303
Processing event: 69000 of 435303
Processing event: 70000 of 435303
Processing event: 71000 of 435303
Processing event: 72000 of 435303
Processing event: 73000 of 435303
Processing event: 74000 of 435303
Processing event: 75000 of 435303
Processing event: 76000 of 435303
Processing event: 77000 of 435303
Processing event: 78000 of 435303
Processing event: 79000 of 435303
Processing event: 80000 of 435303
Processing event: 81000 of 435303
Processing event: 82000 of 435303
Processing event: 83000 of 435303
Processing event: 84000 of 435303
Processing event: 85000 of 435303
Processing event: 86000 of 435303
Processing event: 87000 of 435303
Processing event: 88000 of 435303
Processing event: 89000 of 435303
Processing event: 90000 of 435303
Processing event: 91000 of 435303
Processing event: 92000 of 435303
Processing event: 93000 of 435303
Processing event: 94000 of 435303
Processing event: 95000 of 435303
Processing event: 96000 of 435303
Processing event: 97000 of 435303
Processing event: 98000 of 435303
Processing event: 99000 of 435303
Processing event: 100000 of 435303
Processing event: 101000 of 435303
Processing event: 102000 of 435303
Processing event: 103000 of 435303
Processing event: 104000 of 435303
Processing event: 105000 of 435303
Processing event: 106000 of 435303
Processing event: 107000 of 435303
Processing event: 108000 of 435303
Processing event: 109000 of 435303
Processing event: 110000 of 435303
Processing event: 111000 of 435303
Processing event: 112000 of 435303
Processing event: 113000 of 435303
Processing event: 114000 of 435303
Processing event: 115000 of 435303
Processing event: 116000 of 435303
Processing event: 117000 of 435303
Processing event: 118000 of 435303
Processing event: 119000 of 435303
Processing event: 120000 of 435303
Processing event: 121000 of 435303
Processing event: 122000 of 435303
Processing event: 123000 of 435303
Processing event: 124000 of 435303
Processing event: 125000 of 435303
Processing event: 126000 of 435303
Processing event: 127000 of 435303
Processing event: 128000 of 435303
Processing event: 129000 of 435303
Processing event: 130000 of 435303
Processing event: 131000 of 435303
Processing event: 132000 of 435303
Processing event: 133000 of 435303
Processing event: 134000 of 435303
Processing event: 135000 of 435303
Processing event: 136000 of 435303
Processing event: 137000 of 435303
Processing event: 138000 of 435303
Processing event: 139000 of 435303
Processing event: 140000 of 435303
Processing event: 141000 of 435303
Processing event: 142000 of 435303
Processing event: 143000 of 435303
Processing event: 144000 of 435303
Processing event: 145000 of 435303
Processing event: 146000 of 435303
Processing event: 147000 of 435303
Processing event: 148000 of 435303
Processing event: 149000 of 435303
Processing event: 150000 of 435303
Processing event: 151000 of 435303
Processing event: 152000 of 435303
Processing event: 153000 of 435303
Processing event: 154000 of 435303
Processing event: 155000 of 435303
Processing event: 156000 of 435303
Processing event: 157000 of 435303
Processing event: 158000 of 435303
Processing event: 159000 of 435303
Processing event: 160000 of 435303
Processing event: 161000 of 435303
Processing event: 162000 of 435303
Processing event: 163000 of 435303
Processing event: 164000 of 435303
Processing event: 165000 of 435303
Processing event: 166000 of 435303
Processing event: 167000 of 435303
Processing event: 168000 of 435303
Processing event: 169000 of 435303
Processing event: 170000 of 435303
Processing event: 171000 of 435303
Processing event: 172000 of 435303
Processing event: 173000 of 435303
Processing event: 174000 of 435303
Processing event: 175000 of 435303
Processing event: 176000 of 435303
Processing event: 177000 of 435303
Processing event: 178000 of 435303
Processing event: 179000 of 435303
Processing event: 180000 of 435303
Processing event: 181000 of 435303
Processing event: 182000 of 435303
Processing event: 183000 of 435303
Processing event: 184000 of 435303
Processing event: 185000 of 435303
Processing event: 186000 of 435303
Processing event: 187000 of 435303
Processing event: 188000 of 435303
Processing event: 189000 of 435303
Processing event: 190000 of 435303
Processing event: 191000 of 435303
Processing event: 192000 of 435303
Processing event: 193000 of 435303
Processing event: 194000 of 435303
Processing event: 195000 of 435303
Processing event: 196000 of 435303
Processing event: 197000 of 435303
Processing event: 198000 of 435303
Processing event: 199000 of 435303
Processing event: 200000 of 435303
Processing event: 201000 of 435303
Processing event: 202000 of 435303
Processing event: 203000 of 435303
Processing event: 204000 of 435303
Processing event: 205000 of 435303
Processing event: 206000 of 435303
Processing event: 207000 of 435303
Processing event: 208000 of 435303
Processing event: 209000 of 435303
Processing event: 210000 of 435303
Processing event: 211000 of 435303
Processing event: 212000 of 435303
Processing event: 213000 of 435303
Processing event: 214000 of 435303
Processing event: 215000 of 435303
Processing event: 216000 of 435303
Processing event: 217000 of 435303
Processing event: 218000 of 435303
Processing event: 219000 of 435303
Processing event: 220000 of 435303
Processing event: 221000 of 435303
Processing event: 222000 of 435303
Processing event: 223000 of 435303
Processing event: 224000 of 435303
Processing event: 225000 of 435303
Processing event: 226000 of 435303
Processing event: 227000 of 435303
Processing event: 228000 of 435303
Processing event: 229000 of 435303
Processing event: 230000 of 435303
Processing event: 231000 of 435303
Processing event: 232000 of 435303
Processing event: 233000 of 435303
Processing event: 234000 of 435303
Processing event: 235000 of 435303
Processing event: 236000 of 435303
Processing event: 237000 of 435303
Processing event: 238000 of 435303
Processing event: 239000 of 435303
Processing event: 240000 of 435303
Processing event: 241000 of 435303
Processing event: 242000 of 435303
Processing event: 243000 of 435303
Processing event: 244000 of 435303
Processing event: 245000 of 435303
Processing event: 246000 of 435303
Processing event: 247000 of 435303
Processing event: 248000 of 435303
Processing event: 249000 of 435303
Processing event: 250000 of 435303
Processing event: 251000 of 435303
Processing event: 252000 of 435303
Processing event: 253000 of 435303
Processing event: 254000 of 435303
Processing event: 255000 of 435303
Processing event: 256000 of 435303
Processing event: 257000 of 435303
Processing event: 258000 of 435303
Processing event: 259000 of 435303
Processing event: 260000 of 435303
Processing event: 261000 of 435303
Processing event: 262000 of 435303
Processing event: 263000 of 435303
Processing event: 264000 of 435303
Processing event: 265000 of 435303
Processing event: 266000 of 435303
Processing event: 267000 of 435303
Processing event: 268000 of 435303
Processing event: 269000 of 435303
Processing event: 270000 of 435303
Processing event: 271000 of 435303
Processing event: 272000 of 435303
Processing event: 273000 of 435303
Processing event: 274000 of 435303
Processing event: 275000 of 435303
Processing event: 276000 of 435303
Processing event: 277000 of 435303
Processing event: 278000 of 435303
Processing event: 279000 of 435303
Processing event: 280000 of 435303
Processing event: 281000 of 435303
Processing event: 282000 of 435303
Processing event: 283000 of 435303
Processing event: 284000 of 435303
Processing event: 285000 of 435303
Processing event: 286000 of 435303
Processing event: 287000 of 435303
Processing event: 288000 of 435303
Processing event: 289000 of 435303
Processing event: 290000 of 435303
Processing event: 291000 of 435303
Processing event: 292000 of 435303
Processing event: 293000 of 435303
Processing event: 294000 of 435303
Processing event: 295000 of 435303
Processing event: 296000 of 435303
Processing event: 297000 of 435303
Processing event: 298000 of 435303
Processing event: 299000 of 435303
Processing event: 300000 of 435303
Processing event: 301000 of 435303
Processing event: 302000 of 435303
Processing event: 303000 of 435303
Processing event: 304000 of 435303
Processing event: 305000 of 435303
Processing event: 306000 of 435303
Processing event: 307000 of 435303
Processing event: 308000 of 435303
Processing event: 309000 of 435303
Processing event: 310000 of 435303
Processing event: 311000 of 435303
Processing event: 312000 of 435303
Processing event: 313000 of 435303
Processing event: 314000 of 435303
Processing event: 315000 of 435303
Processing event: 316000 of 435303
Processing event: 317000 of 435303
Processing event: 318000 of 435303
Processing event: 319000 of 435303
Processing event: 320000 of 435303
Processing event: 321000 of 435303
Processing event: 322000 of 435303
Processing event: 323000 of 435303
Processing event: 324000 of 435303
Processing event: 325000 of 435303
Processing event: 326000 of 435303
Processing event: 327000 of 435303
Processing event: 328000 of 435303
Processing event: 329000 of 435303
Processing event: 330000 of 435303
Processing event: 331000 of 435303
Processing event: 332000 of 435303
Processing event: 333000 of 435303
Processing event: 334000 of 435303
Processing event: 335000 of 435303
Processing event: 336000 of 435303
Processing event: 337000 of 435303
Processing event: 338000 of 435303
Processing event: 339000 of 435303
Processing event: 340000 of 435303
Processing event: 341000 of 435303
Processing event: 342000 of 435303
Processing event: 343000 of 435303
Processing event: 344000 of 435303
Processing event: 345000 of 435303
Processing event: 346000 of 435303
Processing event: 347000 of 435303
Processing event: 348000 of 435303
Processing event: 349000 of 435303
Processing event: 350000 of 435303
Processing event: 351000 of 435303
Processing event: 352000 of 435303
Processing event: 353000 of 435303
Processing event: 354000 of 435303
Processing event: 355000 of 435303
Processing event: 356000 of 435303
Processing event: 357000 of 435303
Processing event: 358000 of 435303
Processing event: 359000 of 435303
Processing event: 360000 of 435303
Processing event: 361000 of 435303
Processing event: 362000 of 435303
Processing event: 363000 of 435303
Processing event: 364000 of 435303
Processing event: 365000 of 435303
Processing event: 366000 of 435303
Processing event: 367000 of 435303
Processing event: 368000 of 435303
Processing event: 369000 of 435303
Processing event: 370000 of 435303
Processing event: 371000 of 435303
Processing event: 372000 of 435303
Processing event: 373000 of 435303
Processing event: 374000 of 435303
Processing event: 375000 of 435303
Processing event: 376000 of 435303
Processing event: 377000 of 435303
Processing event: 378000 of 435303
Processing event: 379000 of 435303
Processing event: 380000 of 435303
Processing event: 381000 of 435303
Processing event: 382000 of 435303
Processing event: 383000 of 435303
Processing event: 384000 of 435303
Processing event: 385000 of 435303
Processing event: 386000 of 435303
Processing event: 387000 of 435303
Processing event: 388000 of 435303
Processing event: 389000 of 435303
Processing event: 390000 of 435303
Processing event: 391000 of 435303
Processing event: 392000 of 435303
Processing event: 393000 of 435303
Processing event: 394000 of 435303
Processing event: 395000 of 435303
Processing event: 396000 of 435303
Processing event: 397000 of 435303
Processing event: 398000 of 435303
Processing event: 399000 of 435303
Processing event: 400000 of 435303
Processing event: 401000 of 435303
Processing event: 402000 of 435303
Processing event: 403000 of 435303
Processing event: 404000 of 435303
Processing event: 405000 of 435303
Processing event: 406000 of 435303
Processing event: 407000 of 435303
Processing event: 408000 of 435303
Processing event: 409000 of 435303
Processing event: 410000 of 435303
Processing event: 411000 of 435303
Processing event: 412000 of 435303
Processing event: 413000 of 435303
Processing event: 414000 of 435303
Processing event: 415000 of 435303
Processing event: 416000 of 435303
Processing event: 417000 of 435303
Processing event: 418000 of 435303
Processing event: 419000 of 435303
Processing event: 420000 of 435303
Processing event: 421000 of 435303
Processing event: 422000 of 435303
Processing event: 423000 of 435303
Processing event: 424000 of 435303
Processing event: 425000 of 435303
Processing event: 426000 of 435303
Processing event: 427000 of 435303
Processing event: 428000 of 435303
Processing event: 429000 of 435303
Processing event: 430000 of 435303
Processing event: 431000 of 435303
Processing event: 432000 of 435303
Processing event: 433000 of 435303
Processing event: 434000 of 435303
Processing event: 435000 of 435303
real entries processed435303
wrote histo file=./result_data/filelist_data_35.root
TupleAna constructor, no tree specified
==============================================
doDebug: 0
isR20p7: 0
Systematics_R20p7: FATJET_JER__1up,JET_Rtrk_Baseline_Kin__1up,JET_Rtrk_Baseline_Kin__1down,JET_Rtrk_Modelling_Kin__1up,JET_Rtrk_Modelling_Kin__1down,JET_Rtrk_TotalStat_Kin__1up,JET_Rtrk_TotalStat_Kin__1down,JET_Rtrk_Tracking_Kin__1up,JET_Rtrk_Tracking_Kin__1down,FATJET_JMR__1up,JET_Rtrk_Baseline_Sub__1up,JET_Rtrk_Baseline_Sub__1down,JET_Rtrk_Modelling_Sub__1up,JET_Rtrk_Modelling_Sub__1down,JET_Rtrk_TotalStat_Sub__1up,JET_Rtrk_TotalStat_Sub__1down,JET_Rtrk_Tracking_Sub__1up,JET_Rtrk_Tracking_Sub__1down
Systematics_R21: JET_EffectiveNP_R10_6restTerm__1up,JET_EffectiveNP_R10_6restTerm__1down,JET_EtaIntercalibration_Modelling__1up,JET_EtaIntercalibration_Modelling__1down,JET_EtaIntercalibration_NonClosure_2018data__1up,JET_EtaIntercalibration_NonClosure_2018data__1down,JET_EtaIntercalibration_R10_TotalStat__1up,JET_EtaIntercalibration_R10_TotalStat__1down,JET_EffectiveNP_R10_1__1up,JET_EffectiveNP_R10_1__1down,JET_EffectiveNP_R10_2__1up,JET_EffectiveNP_R10_2__1down,JET_EffectiveNP_R10_3__1up,JET_EffectiveNP_R10_3__1down,JET_EffectiveNP_R10_4__1up,JET_EffectiveNP_R10_4__1down,JET_EffectiveNP_R10_5__1up,JET_EffectiveNP_R10_5__1down,JET_Flavor_Composition__1up,JET_Flavor_Composition__1down,JET_Flavor_Response__1up,JET_Flavor_Response__1down,MUON_ID__1up,MUON_ID__1down,MUON_SAGITTA_RESBIAS__1up,MUON_SAGITTA_RESBIAS__1down,MUON_SCALE__1up,MUON_SCALE__1down,MUON_EFF_TTVA_SYS__1up,MUON_EFF_TTVA_SYS__1down,TRK_RES_D0_MEAS__1up,TRK_RES_D0_MEAS__1down,TRK_RES_Z0_MEAS__1up,TRK_RES_Z0_MEAS__1down,TRK_RES_D0_DEAD,TRK_RES_Z0_DEAD,TRK_BIAS_D0_WM,TRK_BIAS_QOVERP_SAGITTA_WM,TRK_BIAS_Z0_WM,TRK_EFF_LOOSE_GLOBAL,TRK_EFF_LOOSE_IBL,TRK_EFF_LOOSE_PHYSMODEL,TRK_EFF_LOOSE_PP0,TRK_FAKE_RATE_LOOSE,TRK_EFF_LOOSE_TIDE,TRK_FAKE_RATE_LOOSE_TIDE
Systematics_Sd0: Conversion__1up,Conversion__1down,HadMatInt__1up,HadMatInt__1down,LightLongLived__1up,LightLongLived__1down,D0Smear__1up,D0Smear__1down,Z0Smear__1up,Z0Smear__1down,FakeMuons__1up
Systematics_WeightVar: 
doMergeFlavours: 1
useLeadingJets: 0
FlavourPairs: BB,BL,CC,CL,LL
TrkJetPtBins: 200,300|100,200|100,200
FatJetPtBins: 550,600,750,1000
TemplateVariable: mjmeanSd0,nmjmeanSd0
PlotVariables: fjpt,mjmeanSd0,nmjmeanSd0,mjpt,nmjpt,fjm
PlotBins.fjpt: 500,1000,20
PlotBins.mjmeanSd0: -40,80,20
PlotBins.nmjmeanSd0: -40,80,20
PlotBins.mjpt: 0,500,20
PlotBins.nmjpt: 0,500,20
PlotBins.fjm: 0,400,20
==============================================
Loaded GlobalConfig
RunModes: FillTemplates,FillTrkJetProperties,FillFatJetProperties,FillAdvancedProperties,FillMCStats
BTagWP: SubjetBScore|FixedCutBEff_80|0.25
GeneratorName: Pythia
doJetPtEtaReweighting: 0
JetPtEtaReweightingFile: /global/homes/w/wuy45/temp/gbbCalibPackage/run/workspace/reweightedFile/reweighted_nmu_out.root
JetPtEtaReweightingFileInclusive: /global/homes/w/wuy45/temp/gbbCalibPackage/run/workspace/reweightedFile/reweighted_mu_out.root
doTrackSmearing: 1
noMuonReq: 0
doApplyBTaggingSF 0
doSd0Systematics (will only work if nominal): 1
m_doEvemOddTemplates: 0
m_doPostfitPtReweighting: 0
m_PostfitPtReweightingFile: DEFAULT.root
useVRTrkJets: 1
==============================================
creating HistogramService
Running on Nominal sample!
Processing event: 0 of 275645
Processing event: 1000 of 275645
Processing event: 2000 of 275645
Processing event: 3000 of 275645
Processing event: 4000 of 275645
Processing event: 5000 of 275645
Processing event: 6000 of 275645
Processing event: 7000 of 275645
Processing event: 8000 of 275645
Processing event: 9000 of 275645
Processing event: 10000 of 275645
Processing event: 11000 of 275645
Processing event: 12000 of 275645
Processing event: 13000 of 275645
Processing event: 14000 of 275645
Processing event: 15000 of 275645
Processing event: 16000 of 275645
Processing event: 17000 of 275645
Processing event: 18000 of 275645
Processing event: 19000 of 275645
Processing event: 20000 of 275645
Processing event: 21000 of 275645
Processing event: 22000 of 275645
Processing event: 23000 of 275645
Processing event: 24000 of 275645
Processing event: 25000 of 275645
Processing event: 26000 of 275645
Processing event: 27000 of 275645
Processing event: 28000 of 275645
Processing event: 29000 of 275645
Processing event: 30000 of 275645
Processing event: 31000 of 275645
Processing event: 32000 of 275645
Processing event: 33000 of 275645
Processing event: 34000 of 275645
Processing event: 35000 of 275645
Processing event: 36000 of 275645
Processing event: 37000 of 275645
Processing event: 38000 of 275645
Processing event: 39000 of 275645
Processing event: 40000 of 275645
Processing event: 41000 of 275645
Processing event: 42000 of 275645
Processing event: 43000 of 275645
Processing event: 44000 of 275645
Processing event: 45000 of 275645
Processing event: 46000 of 275645
Processing event: 47000 of 275645
Processing event: 48000 of 275645
Processing event: 49000 of 275645
Processing event: 50000 of 275645
Processing event: 51000 of 275645
Processing event: 52000 of 275645
Processing event: 53000 of 275645
Processing event: 54000 of 275645
Processing event: 55000 of 275645
Processing event: 56000 of 275645
Processing event: 57000 of 275645
Processing event: 58000 of 275645
Processing event: 59000 of 275645
Processing event: 60000 of 275645
Processing event: 61000 of 275645
Processing event: 62000 of 275645
Processing event: 63000 of 275645
Processing event: 64000 of 275645
Processing event: 65000 of 275645
Processing event: 66000 of 275645
Processing event: 67000 of 275645
Processing event: 68000 of 275645
Processing event: 69000 of 275645
Processing event: 70000 of 275645
Processing event: 71000 of 275645
Processing event: 72000 of 275645
Processing event: 73000 of 275645
Processing event: 74000 of 275645
Processing event: 75000 of 275645
Processing event: 76000 of 275645
Processing event: 77000 of 275645
Processing event: 78000 of 275645
Processing event: 79000 of 275645
Processing event: 80000 of 275645
Processing event: 81000 of 275645
Processing event: 82000 of 275645
Processing event: 83000 of 275645
Processing event: 84000 of 275645
Processing event: 85000 of 275645
Processing event: 86000 of 275645
Processing event: 87000 of 275645
Processing event: 88000 of 275645
Processing event: 89000 of 275645
Processing event: 90000 of 275645
Processing event: 91000 of 275645
Processing event: 92000 of 275645
Processing event: 93000 of 275645
Processing event: 94000 of 275645
Processing event: 95000 of 275645
Processing event: 96000 of 275645
Processing event: 97000 of 275645
Processing event: 98000 of 275645
Processing event: 99000 of 275645
Processing event: 100000 of 275645
Processing event: 101000 of 275645
Processing event: 102000 of 275645
Processing event: 103000 of 275645
Processing event: 104000 of 275645
Processing event: 105000 of 275645
Processing event: 106000 of 275645
Processing event: 107000 of 275645
Processing event: 108000 of 275645
Processing event: 109000 of 275645
Processing event: 110000 of 275645
Processing event: 111000 of 275645
Processing event: 112000 of 275645
Processing event: 113000 of 275645
Processing event: 114000 of 275645
Processing event: 115000 of 275645
Processing event: 116000 of 275645
Processing event: 117000 of 275645
Processing event: 118000 of 275645
Processing event: 119000 of 275645
Processing event: 120000 of 275645
Processing event: 121000 of 275645
Processing event: 122000 of 275645
Processing event: 123000 of 275645
Processing event: 124000 of 275645
Processing event: 125000 of 275645
Processing event: 126000 of 275645
Processing event: 127000 of 275645
Processing event: 128000 of 275645
Processing event: 129000 of 275645
Processing event: 130000 of 275645
Processing event: 131000 of 275645
Processing event: 132000 of 275645
Processing event: 133000 of 275645
Processing event: 134000 of 275645
Processing event: 135000 of 275645
Processing event: 136000 of 275645
Processing event: 137000 of 275645
Processing event: 138000 of 275645
Processing event: 139000 of 275645
Processing event: 140000 of 275645
Processing event: 141000 of 275645
Processing event: 142000 of 275645
Processing event: 143000 of 275645
Processing event: 144000 of 275645
Processing event: 145000 of 275645
Processing event: 146000 of 275645
Processing event: 147000 of 275645
Processing event: 148000 of 275645
Processing event: 149000 of 275645
Processing event: 150000 of 275645
Processing event: 151000 of 275645
Processing event: 152000 of 275645
Processing event: 153000 of 275645
Processing event: 154000 of 275645
Processing event: 155000 of 275645
Processing event: 156000 of 275645
Processing event: 157000 of 275645
Processing event: 158000 of 275645
Processing event: 159000 of 275645
Processing event: 160000 of 275645
Processing event: 161000 of 275645
Processing event: 162000 of 275645
Processing event: 163000 of 275645
Processing event: 164000 of 275645
Processing event: 165000 of 275645
Processing event: 166000 of 275645
Processing event: 167000 of 275645
Processing event: 168000 of 275645
Processing event: 169000 of 275645
Processing event: 170000 of 275645
Processing event: 171000 of 275645
Processing event: 172000 of 275645
Processing event: 173000 of 275645
Processing event: 174000 of 275645
Processing event: 175000 of 275645
Processing event: 176000 of 275645
Processing event: 177000 of 275645
Processing event: 178000 of 275645
Processing event: 179000 of 275645
Processing event: 180000 of 275645
Processing event: 181000 of 275645
Processing event: 182000 of 275645
Processing event: 183000 of 275645
Processing event: 184000 of 275645
Processing event: 185000 of 275645
Processing event: 186000 of 275645
Processing event: 187000 of 275645
Processing event: 188000 of 275645
Processing event: 189000 of 275645
Processing event: 190000 of 275645
Processing event: 191000 of 275645
Processing event: 192000 of 275645
Processing event: 193000 of 275645
Processing event: 194000 of 275645
Processing event: 195000 of 275645
Processing event: 196000 of 275645
Processing event: 197000 of 275645
Processing event: 198000 of 275645
Processing event: 199000 of 275645
Processing event: 200000 of 275645
Processing event: 201000 of 275645
Processing event: 202000 of 275645
Processing event: 203000 of 275645
Processing event: 204000 of 275645
Processing event: 205000 of 275645
Processing event: 206000 of 275645
Processing event: 207000 of 275645
Processing event: 208000 of 275645
Processing event: 209000 of 275645
Processing event: 210000 of 275645
Processing event: 211000 of 275645
Processing event: 212000 of 275645
Processing event: 213000 of 275645
Processing event: 214000 of 275645
Processing event: 215000 of 275645
Processing event: 216000 of 275645
Processing event: 217000 of 275645
Processing event: 218000 of 275645
Processing event: 219000 of 275645
Processing event: 220000 of 275645
Processing event: 221000 of 275645
Processing event: 222000 of 275645
Processing event: 223000 of 275645
Processing event: 224000 of 275645
Processing event: 225000 of 275645
Processing event: 226000 of 275645
Processing event: 227000 of 275645
Processing event: 228000 of 275645
Processing event: 229000 of 275645
Processing event: 230000 of 275645
Processing event: 231000 of 275645
Processing event: 232000 of 275645
Processing event: 233000 of 275645
Processing event: 234000 of 275645
Processing event: 235000 of 275645
Processing event: 236000 of 275645
Processing event: 237000 of 275645
Processing event: 238000 of 275645
Processing event: 239000 of 275645
Processing event: 240000 of 275645
Processing event: 241000 of 275645
Processing event: 242000 of 275645
Processing event: 243000 of 275645
Processing event: 244000 of 275645
Processing event: 245000 of 275645
Processing event: 246000 of 275645
Processing event: 247000 of 275645
Processing event: 248000 of 275645
Processing event: 249000 of 275645
Processing event: 250000 of 275645
Processing event: 251000 of 275645
Processing event: 252000 of 275645
Processing event: 253000 of 275645
Processing event: 254000 of 275645
Processing event: 255000 of 275645
Processing event: 256000 of 275645
Processing event: 257000 of 275645
Processing event: 258000 of 275645
Processing event: 259000 of 275645
Processing event: 260000 of 275645
Processing event: 261000 of 275645
Processing event: 262000 of 275645
Processing event: 263000 of 275645
Processing event: 264000 of 275645
Processing event: 265000 of 275645
Processing event: 266000 of 275645
Processing event: 267000 of 275645
Processing event: 268000 of 275645
Processing event: 269000 of 275645
Processing event: 270000 of 275645
Processing event: 271000 of 275645
Processing event: 272000 of 275645
Processing event: 273000 of 275645
Processing event: 274000 of 275645
Processing event: 275000 of 275645
real entries processed275645
wrote histo file=./result_data/filelist_data_36.root
