000 (9370900.000.000) 08/01 17:31:18 Job submitted from host: <10.10.47.121:47383>
...
001 (9370900.000.000) 08/01 17:31:34 Job executing on host: <10.10.47.133:40454>
...
006 (9370900.000.000) 08/01 17:31:42 Image size of job updated: 353932
	121  -  MemoryUsage of job (MB)
	123512  -  ResidentSetSize of job (KB)
...
006 (9370900.000.000) 08/01 17:35:38 Image size of job updated: 426200
	121  -  MemoryUsage of job (MB)
	123512  -  ResidentSetSize of job (KB)
...
005 (9370900.000.000) 08/01 17:35:38 Job terminated.
	(1) Normal termination (return value 0)
		Usr 0 00:03:11, Sys 0 00:00:03  -  Run Remote Usage
		Usr 0 00:00:00, Sys 0 00:00:00  -  Run Local Usage
		Usr 0 00:03:11, Sys 0 00:00:03  -  Total Remote Usage
		Usr 0 00:00:00, Sys 0 00:00:00  -  Total Local Usage
	0  -  Run Bytes Sent By Job
	0  -  Run Bytes Received By Job
	0  -  Total Bytes Sent By Job
	0  -  Total Bytes Received By Job
	Partitionable Resources :    Usage  Request          
	   Cpus                 :                 1          
	   Disk (KB)            :        1        1          
	   Memory (MB)          :      121      121          
...
