000 (9370905.000.000) 08/01 17:31:19 Job submitted from host: <10.10.47.121:47383>
...
001 (9370905.000.000) 08/01 17:31:34 Job executing on host: <10.10.47.126:58197>
...
006 (9370905.000.000) 08/01 17:31:43 Image size of job updated: 1
	3  -  MemoryUsage of job (MB)
	2424  -  ResidentSetSize of job (KB)
...
006 (9370905.000.000) 08/01 17:36:44 Image size of job updated: 426188
	189  -  MemoryUsage of job (MB)
	193288  -  ResidentSetSize of job (KB)
...
005 (9370905.000.000) 08/01 17:36:53 Job terminated.
	(1) Normal termination (return value 0)
		Usr 0 00:04:28, Sys 0 00:00:03  -  Run Remote Usage
		Usr 0 00:00:00, Sys 0 00:00:00  -  Run Local Usage
		Usr 0 00:04:28, Sys 0 00:00:03  -  Total Remote Usage
		Usr 0 00:00:00, Sys 0 00:00:00  -  Total Local Usage
	0  -  Run Bytes Sent By Job
	0  -  Run Bytes Received By Job
	0  -  Total Bytes Sent By Job
	0  -  Total Bytes Received By Job
	Partitionable Resources :    Usage  Request          
	   Cpus                 :                 1          
	   Disk (KB)            :        1        1          
	   Memory (MB)          :      189      189          
...
