000 (9370895.000.000) 08/01 17:31:18 Job submitted from host: <10.10.47.121:47383>
...
001 (9370895.000.000) 08/01 17:31:33 Job executing on host: <10.10.47.129:58088>
...
006 (9370895.000.000) 08/01 17:31:42 Image size of job updated: 354732
	122  -  MemoryUsage of job (MB)
	124292  -  ResidentSetSize of job (KB)
...
006 (9370895.000.000) 08/01 17:36:43 Image size of job updated: 427532
	191  -  MemoryUsage of job (MB)
	194592  -  ResidentSetSize of job (KB)
...
005 (9370895.000.000) 08/01 17:38:47 Job terminated.
	(1) Normal termination (return value 0)
		Usr 0 00:06:25, Sys 0 00:00:07  -  Run Remote Usage
		Usr 0 00:00:00, Sys 0 00:00:00  -  Run Local Usage
		Usr 0 00:06:25, Sys 0 00:00:07  -  Total Remote Usage
		Usr 0 00:00:00, Sys 0 00:00:00  -  Total Local Usage
	0  -  Run Bytes Sent By Job
	0  -  Run Bytes Received By Job
	0  -  Total Bytes Sent By Job
	0  -  Total Bytes Received By Job
	Partitionable Resources :    Usage  Request          
	   Cpus                 :                 1          
	   Disk (KB)            :        1        1          
	   Memory (MB)          :      191      191          
...
