The system is: Linux - 2.6.32-696.1.1.el6.x86_64 - x86_64
Compiling the C compiler identification source file "CMakeCCompilerId.c" succeeded.
Compiler: /cvmfs/sft.cern.ch/lcg/releases/gcc/6.2.0-b9934/x86_64-slc6/bin/gcc 
Build flags: 
Id flags:  

The output was:
0


Compilation of the C compiler identification source "CMakeCCompilerId.c" produced "a.out"

The C compiler identification is GNU, found in "/home/ouxiaowei/gbbCalibPackage/build/CMakeFiles/3.11.0/CompilerIdC/a.out"

Compiling the CXX compiler identification source file "CMakeCXXCompilerId.cpp" succeeded.
Compiler: /cvmfs/sft.cern.ch/lcg/releases/gcc/6.2.0-b9934/x86_64-slc6/bin/g++ 
Build flags: 
Id flags:  

The output was:
0


Compilation of the CXX compiler identification source "CMakeCXXCompilerId.cpp" produced "a.out"

The CXX compiler identification is GNU, found in "/home/ouxiaowei/gbbCalibPackage/build/CMakeFiles/3.11.0/CompilerIdCXX/a.out"

Determining if the C compiler works passed with the following output:
Change Dir: /home/ouxiaowei/gbbCalibPackage/build/CMakeFiles/CMakeTmp

Run Build Command:"/usr/bin/gmake" "cmTC_a772c/fast"
/usr/bin/gmake -f CMakeFiles/cmTC_a772c.dir/build.make CMakeFiles/cmTC_a772c.dir/build
gmake[1]: Entering directory `/home/ouxiaowei/gbbCalibPackage/build/CMakeFiles/CMakeTmp'
Building C object CMakeFiles/cmTC_a772c.dir/testCCompiler.c.o
/cvmfs/sft.cern.ch/lcg/releases/gcc/6.2.0-b9934/x86_64-slc6/bin/gcc    -o CMakeFiles/cmTC_a772c.dir/testCCompiler.c.o   -c /home/ouxiaowei/gbbCalibPackage/build/CMakeFiles/CMakeTmp/testCCompiler.c
Linking C executable cmTC_a772c
/cvmfs/atlas.cern.ch/repo/ATLASLocalRootBase/x86_64/Cmake/3.11.0/Linux-x86_64/bin/cmake -E cmake_link_script CMakeFiles/cmTC_a772c.dir/link.txt --verbose=1
/cvmfs/sft.cern.ch/lcg/releases/gcc/6.2.0-b9934/x86_64-slc6/bin/gcc      -rdynamic CMakeFiles/cmTC_a772c.dir/testCCompiler.c.o  -o cmTC_a772c 
gmake[1]: Leaving directory `/home/ouxiaowei/gbbCalibPackage/build/CMakeFiles/CMakeTmp'


Detecting C compiler ABI info compiled with the following output:
Change Dir: /home/ouxiaowei/gbbCalibPackage/build/CMakeFiles/CMakeTmp

Run Build Command:"/usr/bin/gmake" "cmTC_779be/fast"
/usr/bin/gmake -f CMakeFiles/cmTC_779be.dir/build.make CMakeFiles/cmTC_779be.dir/build
gmake[1]: Entering directory `/home/ouxiaowei/gbbCalibPackage/build/CMakeFiles/CMakeTmp'
Building C object CMakeFiles/cmTC_779be.dir/CMakeCCompilerABI.c.o
/cvmfs/sft.cern.ch/lcg/releases/gcc/6.2.0-b9934/x86_64-slc6/bin/gcc    -o CMakeFiles/cmTC_779be.dir/CMakeCCompilerABI.c.o   -c /cvmfs/atlas.cern.ch/repo/ATLASLocalRootBase/x86_64/Cmake/3.11.0/Linux-x86_64/share/cmake-3.11/Modules/CMakeCCompilerABI.c
Linking C executable cmTC_779be
/cvmfs/atlas.cern.ch/repo/ATLASLocalRootBase/x86_64/Cmake/3.11.0/Linux-x86_64/bin/cmake -E cmake_link_script CMakeFiles/cmTC_779be.dir/link.txt --verbose=1
/cvmfs/sft.cern.ch/lcg/releases/gcc/6.2.0-b9934/x86_64-slc6/bin/gcc     -v -rdynamic CMakeFiles/cmTC_779be.dir/CMakeCCompilerABI.c.o  -o cmTC_779be 
Using built-in specs.
COLLECT_GCC=/cvmfs/sft.cern.ch/lcg/releases/gcc/6.2.0-b9934/x86_64-slc6/bin/gcc
COLLECT_LTO_WRAPPER=/cvmfs/sft.cern.ch/lcg/releases/gcc/6.2.0-b9934/x86_64-slc6/bin/../libexec/gcc/x86_64-pc-linux-gnu/6.2.0/lto-wrapper
Target: x86_64-pc-linux-gnu
Configured with: /build/gcc/build/contrib/gcc-6.2.0/src/gcc/6.2.0/configure --prefix=/build/gcc/lcgcmake-install/gcc/6.2.0/x86_64-slc6 -with-system-zlib --disable-multilib --enable-languages=all --with-gnu-ld --with-ld=/build/gcc/lcgcmake-install/binutils/2.28/x86_64-slc6/bin/ld --with-gnu-as --with-as=/build/gcc/lcgcmake-install/binutils/2.28/x86_64-slc6/bin/as
Thread model: posix
gcc version 6.2.0 (GCC) 
COMPILER_PATH=/cvmfs/sft.cern.ch/lcg/releases/gcc/6.2.0-b9934/x86_64-slc6/bin/../libexec/gcc/x86_64-pc-linux-gnu/6.2.0/:/cvmfs/sft.cern.ch/lcg/releases/gcc/6.2.0-b9934/x86_64-slc6/bin/../libexec/gcc/:/cvmfs/sft.cern.ch/lcg/releases/gcc/6.2.0-b9934/x86_64-slc6/
LIBRARY_PATH=/cvmfs/sft.cern.ch/lcg/releases/gcc/6.2.0-b9934/x86_64-slc6/bin/../lib/gcc/x86_64-pc-linux-gnu/6.2.0/:/cvmfs/sft.cern.ch/lcg/releases/gcc/6.2.0-b9934/x86_64-slc6/bin/../lib/gcc/:/cvmfs/sft.cern.ch/lcg/releases/gcc/6.2.0-b9934/x86_64-slc6/bin/../lib/gcc/x86_64-pc-linux-gnu/6.2.0/../../../../lib64/:/lib/../lib64/:/usr/lib/../lib64/:/opt/intel/composer_xe_2013.3.163/compiler/lib/intel64/:/opt/intel/composer_xe_2013.3.163/compiler/lib/intel64/:/opt/intel/composer_xe_2013.3.163/mkl/lib/intel64/:/cvmfs/sft.cern.ch/lcg/releases/gcc/6.2.0-b9934/x86_64-slc6/bin/../lib/gcc/x86_64-pc-linux-gnu/6.2.0/../../../:/lib/:/usr/lib/
COLLECT_GCC_OPTIONS='-v' '-rdynamic' '-o' 'cmTC_779be' '-mtune=generic' '-march=x86-64'
 /cvmfs/sft.cern.ch/lcg/releases/gcc/6.2.0-b9934/x86_64-slc6/bin/../libexec/gcc/x86_64-pc-linux-gnu/6.2.0/collect2 -plugin /cvmfs/sft.cern.ch/lcg/releases/gcc/6.2.0-b9934/x86_64-slc6/bin/../libexec/gcc/x86_64-pc-linux-gnu/6.2.0/liblto_plugin.so -plugin-opt=/cvmfs/sft.cern.ch/lcg/releases/gcc/6.2.0-b9934/x86_64-slc6/bin/../libexec/gcc/x86_64-pc-linux-gnu/6.2.0/lto-wrapper -plugin-opt=-fresolution=/tmp/ccBTfY8J.res -plugin-opt=-pass-through=-lgcc -plugin-opt=-pass-through=-lgcc_s -plugin-opt=-pass-through=-lc -plugin-opt=-pass-through=-lgcc -plugin-opt=-pass-through=-lgcc_s --eh-frame-hdr -m elf_x86_64 -export-dynamic -dynamic-linker /lib64/ld-linux-x86-64.so.2 -o cmTC_779be /usr/lib/../lib64/crt1.o /usr/lib/../lib64/crti.o /cvmfs/sft.cern.ch/lcg/releases/gcc/6.2.0-b9934/x86_64-slc6/bin/../lib/gcc/x86_64-pc-linux-gnu/6.2.0/crtbegin.o -L/cvmfs/sft.cern.ch/lcg/releases/gcc/6.2.0-b9934/x86_64-slc6/bin/../lib/gcc/x86_64-pc-linux-gnu/6.2.0 -L/cvmfs/sft.cern.ch/lcg/releases/gcc/6.2.0-b9934/x86_64-slc6/bin/../lib/gcc -L/cvmfs/sft.cern.ch/lcg/releases/gcc/6.2.0-b9934/x86_64-slc6/bin/../lib/gcc/x86_64-pc-linux-gnu/6.2.0/../../../../lib64 -L/lib/../lib64 -L/usr/lib/../lib64 -L/opt/intel/composer_xe_2013.3.163/compiler/lib/intel64 -L/opt/intel/composer_xe_2013.3.163/compiler/lib/intel64 -L/opt/intel/composer_xe_2013.3.163/mkl/lib/intel64 -L/cvmfs/sft.cern.ch/lcg/releases/gcc/6.2.0-b9934/x86_64-slc6/bin/../lib/gcc/x86_64-pc-linux-gnu/6.2.0/../../.. CMakeFiles/cmTC_779be.dir/CMakeCCompilerABI.c.o -lgcc --as-needed -lgcc_s --no-as-needed -lc -lgcc --as-needed -lgcc_s --no-as-needed /cvmfs/sft.cern.ch/lcg/releases/gcc/6.2.0-b9934/x86_64-slc6/bin/../lib/gcc/x86_64-pc-linux-gnu/6.2.0/crtend.o /usr/lib/../lib64/crtn.o
COLLECT_GCC_OPTIONS='-v' '-rdynamic' '-o' 'cmTC_779be' '-mtune=generic' '-march=x86-64'
gmake[1]: Leaving directory `/home/ouxiaowei/gbbCalibPackage/build/CMakeFiles/CMakeTmp'


Parsed C implicit link information from above output:
  link line regex: [^( *|.*[/\])(ld|CMAKE_LINK_STARTFILE-NOTFOUND|([^/\]+-)?ld|collect2)[^/\]*( |$)]
  ignore line: [Change Dir: /home/ouxiaowei/gbbCalibPackage/build/CMakeFiles/CMakeTmp]
  ignore line: []
  ignore line: [Run Build Command:"/usr/bin/gmake" "cmTC_779be/fast"]
  ignore line: [/usr/bin/gmake -f CMakeFiles/cmTC_779be.dir/build.make CMakeFiles/cmTC_779be.dir/build]
  ignore line: [gmake[1]: Entering directory `/home/ouxiaowei/gbbCalibPackage/build/CMakeFiles/CMakeTmp']
  ignore line: [Building C object CMakeFiles/cmTC_779be.dir/CMakeCCompilerABI.c.o]
  ignore line: [/cvmfs/sft.cern.ch/lcg/releases/gcc/6.2.0-b9934/x86_64-slc6/bin/gcc    -o CMakeFiles/cmTC_779be.dir/CMakeCCompilerABI.c.o   -c /cvmfs/atlas.cern.ch/repo/ATLASLocalRootBase/x86_64/Cmake/3.11.0/Linux-x86_64/share/cmake-3.11/Modules/CMakeCCompilerABI.c]
  ignore line: [Linking C executable cmTC_779be]
  ignore line: [/cvmfs/atlas.cern.ch/repo/ATLASLocalRootBase/x86_64/Cmake/3.11.0/Linux-x86_64/bin/cmake -E cmake_link_script CMakeFiles/cmTC_779be.dir/link.txt --verbose=1]
  ignore line: [/cvmfs/sft.cern.ch/lcg/releases/gcc/6.2.0-b9934/x86_64-slc6/bin/gcc     -v -rdynamic CMakeFiles/cmTC_779be.dir/CMakeCCompilerABI.c.o  -o cmTC_779be ]
  ignore line: [Using built-in specs.]
  ignore line: [COLLECT_GCC=/cvmfs/sft.cern.ch/lcg/releases/gcc/6.2.0-b9934/x86_64-slc6/bin/gcc]
  ignore line: [COLLECT_LTO_WRAPPER=/cvmfs/sft.cern.ch/lcg/releases/gcc/6.2.0-b9934/x86_64-slc6/bin/../libexec/gcc/x86_64-pc-linux-gnu/6.2.0/lto-wrapper]
  ignore line: [Target: x86_64-pc-linux-gnu]
  ignore line: [Configured with: /build/gcc/build/contrib/gcc-6.2.0/src/gcc/6.2.0/configure --prefix=/build/gcc/lcgcmake-install/gcc/6.2.0/x86_64-slc6 -with-system-zlib --disable-multilib --enable-languages=all --with-gnu-ld --with-ld=/build/gcc/lcgcmake-install/binutils/2.28/x86_64-slc6/bin/ld --with-gnu-as --with-as=/build/gcc/lcgcmake-install/binutils/2.28/x86_64-slc6/bin/as]
  ignore line: [Thread model: posix]
  ignore line: [gcc version 6.2.0 (GCC) ]
  ignore line: [COMPILER_PATH=/cvmfs/sft.cern.ch/lcg/releases/gcc/6.2.0-b9934/x86_64-slc6/bin/../libexec/gcc/x86_64-pc-linux-gnu/6.2.0/:/cvmfs/sft.cern.ch/lcg/releases/gcc/6.2.0-b9934/x86_64-slc6/bin/../libexec/gcc/:/cvmfs/sft.cern.ch/lcg/releases/gcc/6.2.0-b9934/x86_64-slc6/]
  ignore line: [LIBRARY_PATH=/cvmfs/sft.cern.ch/lcg/releases/gcc/6.2.0-b9934/x86_64-slc6/bin/../lib/gcc/x86_64-pc-linux-gnu/6.2.0/:/cvmfs/sft.cern.ch/lcg/releases/gcc/6.2.0-b9934/x86_64-slc6/bin/../lib/gcc/:/cvmfs/sft.cern.ch/lcg/releases/gcc/6.2.0-b9934/x86_64-slc6/bin/../lib/gcc/x86_64-pc-linux-gnu/6.2.0/../../../../lib64/:/lib/../lib64/:/usr/lib/../lib64/:/opt/intel/composer_xe_2013.3.163/compiler/lib/intel64/:/opt/intel/composer_xe_2013.3.163/compiler/lib/intel64/:/opt/intel/composer_xe_2013.3.163/mkl/lib/intel64/:/cvmfs/sft.cern.ch/lcg/releases/gcc/6.2.0-b9934/x86_64-slc6/bin/../lib/gcc/x86_64-pc-linux-gnu/6.2.0/../../../:/lib/:/usr/lib/]
  ignore line: [COLLECT_GCC_OPTIONS='-v' '-rdynamic' '-o' 'cmTC_779be' '-mtune=generic' '-march=x86-64']
  link line: [ /cvmfs/sft.cern.ch/lcg/releases/gcc/6.2.0-b9934/x86_64-slc6/bin/../libexec/gcc/x86_64-pc-linux-gnu/6.2.0/collect2 -plugin /cvmfs/sft.cern.ch/lcg/releases/gcc/6.2.0-b9934/x86_64-slc6/bin/../libexec/gcc/x86_64-pc-linux-gnu/6.2.0/liblto_plugin.so -plugin-opt=/cvmfs/sft.cern.ch/lcg/releases/gcc/6.2.0-b9934/x86_64-slc6/bin/../libexec/gcc/x86_64-pc-linux-gnu/6.2.0/lto-wrapper -plugin-opt=-fresolution=/tmp/ccBTfY8J.res -plugin-opt=-pass-through=-lgcc -plugin-opt=-pass-through=-lgcc_s -plugin-opt=-pass-through=-lc -plugin-opt=-pass-through=-lgcc -plugin-opt=-pass-through=-lgcc_s --eh-frame-hdr -m elf_x86_64 -export-dynamic -dynamic-linker /lib64/ld-linux-x86-64.so.2 -o cmTC_779be /usr/lib/../lib64/crt1.o /usr/lib/../lib64/crti.o /cvmfs/sft.cern.ch/lcg/releases/gcc/6.2.0-b9934/x86_64-slc6/bin/../lib/gcc/x86_64-pc-linux-gnu/6.2.0/crtbegin.o -L/cvmfs/sft.cern.ch/lcg/releases/gcc/6.2.0-b9934/x86_64-slc6/bin/../lib/gcc/x86_64-pc-linux-gnu/6.2.0 -L/cvmfs/sft.cern.ch/lcg/releases/gcc/6.2.0-b9934/x86_64-slc6/bin/../lib/gcc -L/cvmfs/sft.cern.ch/lcg/releases/gcc/6.2.0-b9934/x86_64-slc6/bin/../lib/gcc/x86_64-pc-linux-gnu/6.2.0/../../../../lib64 -L/lib/../lib64 -L/usr/lib/../lib64 -L/opt/intel/composer_xe_2013.3.163/compiler/lib/intel64 -L/opt/intel/composer_xe_2013.3.163/compiler/lib/intel64 -L/opt/intel/composer_xe_2013.3.163/mkl/lib/intel64 -L/cvmfs/sft.cern.ch/lcg/releases/gcc/6.2.0-b9934/x86_64-slc6/bin/../lib/gcc/x86_64-pc-linux-gnu/6.2.0/../../.. CMakeFiles/cmTC_779be.dir/CMakeCCompilerABI.c.o -lgcc --as-needed -lgcc_s --no-as-needed -lc -lgcc --as-needed -lgcc_s --no-as-needed /cvmfs/sft.cern.ch/lcg/releases/gcc/6.2.0-b9934/x86_64-slc6/bin/../lib/gcc/x86_64-pc-linux-gnu/6.2.0/crtend.o /usr/lib/../lib64/crtn.o]
    arg [/cvmfs/sft.cern.ch/lcg/releases/gcc/6.2.0-b9934/x86_64-slc6/bin/../libexec/gcc/x86_64-pc-linux-gnu/6.2.0/collect2] ==> ignore
    arg [-plugin] ==> ignore
    arg [/cvmfs/sft.cern.ch/lcg/releases/gcc/6.2.0-b9934/x86_64-slc6/bin/../libexec/gcc/x86_64-pc-linux-gnu/6.2.0/liblto_plugin.so] ==> ignore
    arg [-plugin-opt=/cvmfs/sft.cern.ch/lcg/releases/gcc/6.2.0-b9934/x86_64-slc6/bin/../libexec/gcc/x86_64-pc-linux-gnu/6.2.0/lto-wrapper] ==> ignore
    arg [-plugin-opt=-fresolution=/tmp/ccBTfY8J.res] ==> ignore
    arg [-plugin-opt=-pass-through=-lgcc] ==> ignore
    arg [-plugin-opt=-pass-through=-lgcc_s] ==> ignore
    arg [-plugin-opt=-pass-through=-lc] ==> ignore
    arg [-plugin-opt=-pass-through=-lgcc] ==> ignore
    arg [-plugin-opt=-pass-through=-lgcc_s] ==> ignore
    arg [--eh-frame-hdr] ==> ignore
    arg [-m] ==> ignore
    arg [elf_x86_64] ==> ignore
    arg [-export-dynamic] ==> ignore
    arg [-dynamic-linker] ==> ignore
    arg [/lib64/ld-linux-x86-64.so.2] ==> ignore
    arg [-o] ==> ignore
    arg [cmTC_779be] ==> ignore
    arg [/usr/lib/../lib64/crt1.o] ==> ignore
    arg [/usr/lib/../lib64/crti.o] ==> ignore
    arg [/cvmfs/sft.cern.ch/lcg/releases/gcc/6.2.0-b9934/x86_64-slc6/bin/../lib/gcc/x86_64-pc-linux-gnu/6.2.0/crtbegin.o] ==> ignore
    arg [-L/cvmfs/sft.cern.ch/lcg/releases/gcc/6.2.0-b9934/x86_64-slc6/bin/../lib/gcc/x86_64-pc-linux-gnu/6.2.0] ==> dir [/cvmfs/sft.cern.ch/lcg/releases/gcc/6.2.0-b9934/x86_64-slc6/bin/../lib/gcc/x86_64-pc-linux-gnu/6.2.0]
    arg [-L/cvmfs/sft.cern.ch/lcg/releases/gcc/6.2.0-b9934/x86_64-slc6/bin/../lib/gcc] ==> dir [/cvmfs/sft.cern.ch/lcg/releases/gcc/6.2.0-b9934/x86_64-slc6/bin/../lib/gcc]
    arg [-L/cvmfs/sft.cern.ch/lcg/releases/gcc/6.2.0-b9934/x86_64-slc6/bin/../lib/gcc/x86_64-pc-linux-gnu/6.2.0/../../../../lib64] ==> dir [/cvmfs/sft.cern.ch/lcg/releases/gcc/6.2.0-b9934/x86_64-slc6/bin/../lib/gcc/x86_64-pc-linux-gnu/6.2.0/../../../../lib64]
    arg [-L/lib/../lib64] ==> dir [/lib/../lib64]
    arg [-L/usr/lib/../lib64] ==> dir [/usr/lib/../lib64]
    arg [-L/opt/intel/composer_xe_2013.3.163/compiler/lib/intel64] ==> dir [/opt/intel/composer_xe_2013.3.163/compiler/lib/intel64]
    arg [-L/opt/intel/composer_xe_2013.3.163/compiler/lib/intel64] ==> dir [/opt/intel/composer_xe_2013.3.163/compiler/lib/intel64]
    arg [-L/opt/intel/composer_xe_2013.3.163/mkl/lib/intel64] ==> dir [/opt/intel/composer_xe_2013.3.163/mkl/lib/intel64]
    arg [-L/cvmfs/sft.cern.ch/lcg/releases/gcc/6.2.0-b9934/x86_64-slc6/bin/../lib/gcc/x86_64-pc-linux-gnu/6.2.0/../../..] ==> dir [/cvmfs/sft.cern.ch/lcg/releases/gcc/6.2.0-b9934/x86_64-slc6/bin/../lib/gcc/x86_64-pc-linux-gnu/6.2.0/../../..]
    arg [CMakeFiles/cmTC_779be.dir/CMakeCCompilerABI.c.o] ==> ignore
    arg [-lgcc] ==> lib [gcc]
    arg [--as-needed] ==> ignore
    arg [-lgcc_s] ==> lib [gcc_s]
    arg [--no-as-needed] ==> ignore
    arg [-lc] ==> lib [c]
    arg [-lgcc] ==> lib [gcc]
    arg [--as-needed] ==> ignore
    arg [-lgcc_s] ==> lib [gcc_s]
    arg [--no-as-needed] ==> ignore
    arg [/cvmfs/sft.cern.ch/lcg/releases/gcc/6.2.0-b9934/x86_64-slc6/bin/../lib/gcc/x86_64-pc-linux-gnu/6.2.0/crtend.o] ==> ignore
    arg [/usr/lib/../lib64/crtn.o] ==> ignore
  collapse library dir [/cvmfs/sft.cern.ch/lcg/releases/gcc/6.2.0-b9934/x86_64-slc6/bin/../lib/gcc/x86_64-pc-linux-gnu/6.2.0] ==> [/cvmfs/sft.cern.ch/lcg/releases/gcc/6.2.0-b9934/x86_64-slc6/lib/gcc/x86_64-pc-linux-gnu/6.2.0]
  collapse library dir [/cvmfs/sft.cern.ch/lcg/releases/gcc/6.2.0-b9934/x86_64-slc6/bin/../lib/gcc] ==> [/cvmfs/sft.cern.ch/lcg/releases/gcc/6.2.0-b9934/x86_64-slc6/lib/gcc]
  collapse library dir [/cvmfs/sft.cern.ch/lcg/releases/gcc/6.2.0-b9934/x86_64-slc6/bin/../lib/gcc/x86_64-pc-linux-gnu/6.2.0/../../../../lib64] ==> [/cvmfs/sft.cern.ch/lcg/releases/gcc/6.2.0-b9934/x86_64-slc6/lib64]
  collapse library dir [/lib/../lib64] ==> [/lib64]
  collapse library dir [/usr/lib/../lib64] ==> [/usr/lib64]
  collapse library dir [/opt/intel/composer_xe_2013.3.163/compiler/lib/intel64] ==> [/opt/intel/composer_xe_2013.3.163/compiler/lib/intel64]
  collapse library dir [/opt/intel/composer_xe_2013.3.163/compiler/lib/intel64] ==> [/opt/intel/composer_xe_2013.3.163/compiler/lib/intel64]
  collapse library dir [/opt/intel/composer_xe_2013.3.163/mkl/lib/intel64] ==> [/opt/intel/composer_xe_2013.3.163/mkl/lib/intel64]
  collapse library dir [/cvmfs/sft.cern.ch/lcg/releases/gcc/6.2.0-b9934/x86_64-slc6/bin/../lib/gcc/x86_64-pc-linux-gnu/6.2.0/../../..] ==> [/cvmfs/sft.cern.ch/lcg/releases/gcc/6.2.0-b9934/x86_64-slc6/lib]
  implicit libs: [gcc;gcc_s;c;gcc;gcc_s]
  implicit dirs: [/cvmfs/sft.cern.ch/lcg/releases/gcc/6.2.0-b9934/x86_64-slc6/lib/gcc/x86_64-pc-linux-gnu/6.2.0;/cvmfs/sft.cern.ch/lcg/releases/gcc/6.2.0-b9934/x86_64-slc6/lib/gcc;/cvmfs/sft.cern.ch/lcg/releases/gcc/6.2.0-b9934/x86_64-slc6/lib64;/lib64;/usr/lib64;/opt/intel/composer_xe_2013.3.163/compiler/lib/intel64;/opt/intel/composer_xe_2013.3.163/mkl/lib/intel64;/cvmfs/sft.cern.ch/lcg/releases/gcc/6.2.0-b9934/x86_64-slc6/lib]
  implicit fwks: []




Detecting C [-std=c11] compiler features compiled with the following output:
Change Dir: /home/ouxiaowei/gbbCalibPackage/build/CMakeFiles/CMakeTmp

Run Build Command:"/usr/bin/gmake" "cmTC_23145/fast"
/usr/bin/gmake -f CMakeFiles/cmTC_23145.dir/build.make CMakeFiles/cmTC_23145.dir/build
gmake[1]: Entering directory `/home/ouxiaowei/gbbCalibPackage/build/CMakeFiles/CMakeTmp'
Building C object CMakeFiles/cmTC_23145.dir/feature_tests.c.o
/cvmfs/sft.cern.ch/lcg/releases/gcc/6.2.0-b9934/x86_64-slc6/bin/gcc   -std=c11 -o CMakeFiles/cmTC_23145.dir/feature_tests.c.o   -c /home/ouxiaowei/gbbCalibPackage/build/CMakeFiles/feature_tests.c
Linking C executable cmTC_23145
/cvmfs/atlas.cern.ch/repo/ATLASLocalRootBase/x86_64/Cmake/3.11.0/Linux-x86_64/bin/cmake -E cmake_link_script CMakeFiles/cmTC_23145.dir/link.txt --verbose=1
/cvmfs/sft.cern.ch/lcg/releases/gcc/6.2.0-b9934/x86_64-slc6/bin/gcc      -rdynamic CMakeFiles/cmTC_23145.dir/feature_tests.c.o  -o cmTC_23145 
gmake[1]: Leaving directory `/home/ouxiaowei/gbbCalibPackage/build/CMakeFiles/CMakeTmp'


    Feature record: C_FEATURE:1c_function_prototypes
    Feature record: C_FEATURE:1c_restrict
    Feature record: C_FEATURE:1c_static_assert
    Feature record: C_FEATURE:1c_variadic_macros


Detecting C [-std=c99] compiler features compiled with the following output:
Change Dir: /home/ouxiaowei/gbbCalibPackage/build/CMakeFiles/CMakeTmp

Run Build Command:"/usr/bin/gmake" "cmTC_36706/fast"
/usr/bin/gmake -f CMakeFiles/cmTC_36706.dir/build.make CMakeFiles/cmTC_36706.dir/build
gmake[1]: Entering directory `/home/ouxiaowei/gbbCalibPackage/build/CMakeFiles/CMakeTmp'
Building C object CMakeFiles/cmTC_36706.dir/feature_tests.c.o
/cvmfs/sft.cern.ch/lcg/releases/gcc/6.2.0-b9934/x86_64-slc6/bin/gcc   -std=c99 -o CMakeFiles/cmTC_36706.dir/feature_tests.c.o   -c /home/ouxiaowei/gbbCalibPackage/build/CMakeFiles/feature_tests.c
Linking C executable cmTC_36706
/cvmfs/atlas.cern.ch/repo/ATLASLocalRootBase/x86_64/Cmake/3.11.0/Linux-x86_64/bin/cmake -E cmake_link_script CMakeFiles/cmTC_36706.dir/link.txt --verbose=1
/cvmfs/sft.cern.ch/lcg/releases/gcc/6.2.0-b9934/x86_64-slc6/bin/gcc      -rdynamic CMakeFiles/cmTC_36706.dir/feature_tests.c.o  -o cmTC_36706 
gmake[1]: Leaving directory `/home/ouxiaowei/gbbCalibPackage/build/CMakeFiles/CMakeTmp'


    Feature record: C_FEATURE:1c_function_prototypes
    Feature record: C_FEATURE:1c_restrict
    Feature record: C_FEATURE:0c_static_assert
    Feature record: C_FEATURE:1c_variadic_macros


Detecting C [-std=c90] compiler features compiled with the following output:
Change Dir: /home/ouxiaowei/gbbCalibPackage/build/CMakeFiles/CMakeTmp

Run Build Command:"/usr/bin/gmake" "cmTC_38e0b/fast"
/usr/bin/gmake -f CMakeFiles/cmTC_38e0b.dir/build.make CMakeFiles/cmTC_38e0b.dir/build
gmake[1]: Entering directory `/home/ouxiaowei/gbbCalibPackage/build/CMakeFiles/CMakeTmp'
Building C object CMakeFiles/cmTC_38e0b.dir/feature_tests.c.o
/cvmfs/sft.cern.ch/lcg/releases/gcc/6.2.0-b9934/x86_64-slc6/bin/gcc   -std=c90 -o CMakeFiles/cmTC_38e0b.dir/feature_tests.c.o   -c /home/ouxiaowei/gbbCalibPackage/build/CMakeFiles/feature_tests.c
Linking C executable cmTC_38e0b
/cvmfs/atlas.cern.ch/repo/ATLASLocalRootBase/x86_64/Cmake/3.11.0/Linux-x86_64/bin/cmake -E cmake_link_script CMakeFiles/cmTC_38e0b.dir/link.txt --verbose=1
/cvmfs/sft.cern.ch/lcg/releases/gcc/6.2.0-b9934/x86_64-slc6/bin/gcc      -rdynamic CMakeFiles/cmTC_38e0b.dir/feature_tests.c.o  -o cmTC_38e0b 
gmake[1]: Leaving directory `/home/ouxiaowei/gbbCalibPackage/build/CMakeFiles/CMakeTmp'


    Feature record: C_FEATURE:1c_function_prototypes
    Feature record: C_FEATURE:0c_restrict
    Feature record: C_FEATURE:0c_static_assert
    Feature record: C_FEATURE:0c_variadic_macros
Determining if the CXX compiler works passed with the following output:
Change Dir: /home/ouxiaowei/gbbCalibPackage/build/CMakeFiles/CMakeTmp

Run Build Command:"/usr/bin/gmake" "cmTC_d8691/fast"
/usr/bin/gmake -f CMakeFiles/cmTC_d8691.dir/build.make CMakeFiles/cmTC_d8691.dir/build
gmake[1]: Entering directory `/home/ouxiaowei/gbbCalibPackage/build/CMakeFiles/CMakeTmp'
Building CXX object CMakeFiles/cmTC_d8691.dir/testCXXCompiler.cxx.o
/cvmfs/sft.cern.ch/lcg/releases/gcc/6.2.0-b9934/x86_64-slc6/bin/g++     -o CMakeFiles/cmTC_d8691.dir/testCXXCompiler.cxx.o -c /home/ouxiaowei/gbbCalibPackage/build/CMakeFiles/CMakeTmp/testCXXCompiler.cxx
Linking CXX executable cmTC_d8691
/cvmfs/atlas.cern.ch/repo/ATLASLocalRootBase/x86_64/Cmake/3.11.0/Linux-x86_64/bin/cmake -E cmake_link_script CMakeFiles/cmTC_d8691.dir/link.txt --verbose=1
/cvmfs/sft.cern.ch/lcg/releases/gcc/6.2.0-b9934/x86_64-slc6/bin/g++       -rdynamic CMakeFiles/cmTC_d8691.dir/testCXXCompiler.cxx.o  -o cmTC_d8691 
gmake[1]: Leaving directory `/home/ouxiaowei/gbbCalibPackage/build/CMakeFiles/CMakeTmp'


Detecting CXX compiler ABI info compiled with the following output:
Change Dir: /home/ouxiaowei/gbbCalibPackage/build/CMakeFiles/CMakeTmp

Run Build Command:"/usr/bin/gmake" "cmTC_ca5ed/fast"
/usr/bin/gmake -f CMakeFiles/cmTC_ca5ed.dir/build.make CMakeFiles/cmTC_ca5ed.dir/build
gmake[1]: Entering directory `/home/ouxiaowei/gbbCalibPackage/build/CMakeFiles/CMakeTmp'
Building CXX object CMakeFiles/cmTC_ca5ed.dir/CMakeCXXCompilerABI.cpp.o
/cvmfs/sft.cern.ch/lcg/releases/gcc/6.2.0-b9934/x86_64-slc6/bin/g++     -o CMakeFiles/cmTC_ca5ed.dir/CMakeCXXCompilerABI.cpp.o -c /cvmfs/atlas.cern.ch/repo/ATLASLocalRootBase/x86_64/Cmake/3.11.0/Linux-x86_64/share/cmake-3.11/Modules/CMakeCXXCompilerABI.cpp
Linking CXX executable cmTC_ca5ed
/cvmfs/atlas.cern.ch/repo/ATLASLocalRootBase/x86_64/Cmake/3.11.0/Linux-x86_64/bin/cmake -E cmake_link_script CMakeFiles/cmTC_ca5ed.dir/link.txt --verbose=1
/cvmfs/sft.cern.ch/lcg/releases/gcc/6.2.0-b9934/x86_64-slc6/bin/g++      -v -rdynamic CMakeFiles/cmTC_ca5ed.dir/CMakeCXXCompilerABI.cpp.o  -o cmTC_ca5ed 
Using built-in specs.
COLLECT_GCC=/cvmfs/sft.cern.ch/lcg/releases/gcc/6.2.0-b9934/x86_64-slc6/bin/g++
COLLECT_LTO_WRAPPER=/cvmfs/sft.cern.ch/lcg/releases/gcc/6.2.0-b9934/x86_64-slc6/bin/../libexec/gcc/x86_64-pc-linux-gnu/6.2.0/lto-wrapper
Target: x86_64-pc-linux-gnu
Configured with: /build/gcc/build/contrib/gcc-6.2.0/src/gcc/6.2.0/configure --prefix=/build/gcc/lcgcmake-install/gcc/6.2.0/x86_64-slc6 -with-system-zlib --disable-multilib --enable-languages=all --with-gnu-ld --with-ld=/build/gcc/lcgcmake-install/binutils/2.28/x86_64-slc6/bin/ld --with-gnu-as --with-as=/build/gcc/lcgcmake-install/binutils/2.28/x86_64-slc6/bin/as
Thread model: posix
gcc version 6.2.0 (GCC) 
COMPILER_PATH=/cvmfs/sft.cern.ch/lcg/releases/gcc/6.2.0-b9934/x86_64-slc6/bin/../libexec/gcc/x86_64-pc-linux-gnu/6.2.0/:/cvmfs/sft.cern.ch/lcg/releases/gcc/6.2.0-b9934/x86_64-slc6/bin/../libexec/gcc/:/cvmfs/sft.cern.ch/lcg/releases/gcc/6.2.0-b9934/x86_64-slc6/
LIBRARY_PATH=/cvmfs/sft.cern.ch/lcg/releases/gcc/6.2.0-b9934/x86_64-slc6/bin/../lib/gcc/x86_64-pc-linux-gnu/6.2.0/:/cvmfs/sft.cern.ch/lcg/releases/gcc/6.2.0-b9934/x86_64-slc6/bin/../lib/gcc/:/cvmfs/sft.cern.ch/lcg/releases/gcc/6.2.0-b9934/x86_64-slc6/bin/../lib/gcc/x86_64-pc-linux-gnu/6.2.0/../../../../lib64/:/lib/../lib64/:/usr/lib/../lib64/:/opt/intel/composer_xe_2013.3.163/compiler/lib/intel64/:/opt/intel/composer_xe_2013.3.163/compiler/lib/intel64/:/opt/intel/composer_xe_2013.3.163/mkl/lib/intel64/:/cvmfs/sft.cern.ch/lcg/releases/gcc/6.2.0-b9934/x86_64-slc6/bin/../lib/gcc/x86_64-pc-linux-gnu/6.2.0/../../../:/lib/:/usr/lib/
COLLECT_GCC_OPTIONS='-v' '-rdynamic' '-o' 'cmTC_ca5ed' '-shared-libgcc' '-mtune=generic' '-march=x86-64'
 /cvmfs/sft.cern.ch/lcg/releases/gcc/6.2.0-b9934/x86_64-slc6/bin/../libexec/gcc/x86_64-pc-linux-gnu/6.2.0/collect2 -plugin /cvmfs/sft.cern.ch/lcg/releases/gcc/6.2.0-b9934/x86_64-slc6/bin/../libexec/gcc/x86_64-pc-linux-gnu/6.2.0/liblto_plugin.so -plugin-opt=/cvmfs/sft.cern.ch/lcg/releases/gcc/6.2.0-b9934/x86_64-slc6/bin/../libexec/gcc/x86_64-pc-linux-gnu/6.2.0/lto-wrapper -plugin-opt=-fresolution=/tmp/cc2CMWiw.res -plugin-opt=-pass-through=-lgcc_s -plugin-opt=-pass-through=-lgcc -plugin-opt=-pass-through=-lc -plugin-opt=-pass-through=-lgcc_s -plugin-opt=-pass-through=-lgcc --eh-frame-hdr -m elf_x86_64 -export-dynamic -dynamic-linker /lib64/ld-linux-x86-64.so.2 -o cmTC_ca5ed /usr/lib/../lib64/crt1.o /usr/lib/../lib64/crti.o /cvmfs/sft.cern.ch/lcg/releases/gcc/6.2.0-b9934/x86_64-slc6/bin/../lib/gcc/x86_64-pc-linux-gnu/6.2.0/crtbegin.o -L/cvmfs/sft.cern.ch/lcg/releases/gcc/6.2.0-b9934/x86_64-slc6/bin/../lib/gcc/x86_64-pc-linux-gnu/6.2.0 -L/cvmfs/sft.cern.ch/lcg/releases/gcc/6.2.0-b9934/x86_64-slc6/bin/../lib/gcc -L/cvmfs/sft.cern.ch/lcg/releases/gcc/6.2.0-b9934/x86_64-slc6/bin/../lib/gcc/x86_64-pc-linux-gnu/6.2.0/../../../../lib64 -L/lib/../lib64 -L/usr/lib/../lib64 -L/opt/intel/composer_xe_2013.3.163/compiler/lib/intel64 -L/opt/intel/composer_xe_2013.3.163/compiler/lib/intel64 -L/opt/intel/composer_xe_2013.3.163/mkl/lib/intel64 -L/cvmfs/sft.cern.ch/lcg/releases/gcc/6.2.0-b9934/x86_64-slc6/bin/../lib/gcc/x86_64-pc-linux-gnu/6.2.0/../../.. CMakeFiles/cmTC_ca5ed.dir/CMakeCXXCompilerABI.cpp.o -lstdc++ -lm -lgcc_s -lgcc -lc -lgcc_s -lgcc /cvmfs/sft.cern.ch/lcg/releases/gcc/6.2.0-b9934/x86_64-slc6/bin/../lib/gcc/x86_64-pc-linux-gnu/6.2.0/crtend.o /usr/lib/../lib64/crtn.o
COLLECT_GCC_OPTIONS='-v' '-rdynamic' '-o' 'cmTC_ca5ed' '-shared-libgcc' '-mtune=generic' '-march=x86-64'
gmake[1]: Leaving directory `/home/ouxiaowei/gbbCalibPackage/build/CMakeFiles/CMakeTmp'


Parsed CXX implicit link information from above output:
  link line regex: [^( *|.*[/\])(ld|CMAKE_LINK_STARTFILE-NOTFOUND|([^/\]+-)?ld|collect2)[^/\]*( |$)]
  ignore line: [Change Dir: /home/ouxiaowei/gbbCalibPackage/build/CMakeFiles/CMakeTmp]
  ignore line: []
  ignore line: [Run Build Command:"/usr/bin/gmake" "cmTC_ca5ed/fast"]
  ignore line: [/usr/bin/gmake -f CMakeFiles/cmTC_ca5ed.dir/build.make CMakeFiles/cmTC_ca5ed.dir/build]
  ignore line: [gmake[1]: Entering directory `/home/ouxiaowei/gbbCalibPackage/build/CMakeFiles/CMakeTmp']
  ignore line: [Building CXX object CMakeFiles/cmTC_ca5ed.dir/CMakeCXXCompilerABI.cpp.o]
  ignore line: [/cvmfs/sft.cern.ch/lcg/releases/gcc/6.2.0-b9934/x86_64-slc6/bin/g++     -o CMakeFiles/cmTC_ca5ed.dir/CMakeCXXCompilerABI.cpp.o -c /cvmfs/atlas.cern.ch/repo/ATLASLocalRootBase/x86_64/Cmake/3.11.0/Linux-x86_64/share/cmake-3.11/Modules/CMakeCXXCompilerABI.cpp]
  ignore line: [Linking CXX executable cmTC_ca5ed]
  ignore line: [/cvmfs/atlas.cern.ch/repo/ATLASLocalRootBase/x86_64/Cmake/3.11.0/Linux-x86_64/bin/cmake -E cmake_link_script CMakeFiles/cmTC_ca5ed.dir/link.txt --verbose=1]
  ignore line: [/cvmfs/sft.cern.ch/lcg/releases/gcc/6.2.0-b9934/x86_64-slc6/bin/g++      -v -rdynamic CMakeFiles/cmTC_ca5ed.dir/CMakeCXXCompilerABI.cpp.o  -o cmTC_ca5ed ]
  ignore line: [Using built-in specs.]
  ignore line: [COLLECT_GCC=/cvmfs/sft.cern.ch/lcg/releases/gcc/6.2.0-b9934/x86_64-slc6/bin/g++]
  ignore line: [COLLECT_LTO_WRAPPER=/cvmfs/sft.cern.ch/lcg/releases/gcc/6.2.0-b9934/x86_64-slc6/bin/../libexec/gcc/x86_64-pc-linux-gnu/6.2.0/lto-wrapper]
  ignore line: [Target: x86_64-pc-linux-gnu]
  ignore line: [Configured with: /build/gcc/build/contrib/gcc-6.2.0/src/gcc/6.2.0/configure --prefix=/build/gcc/lcgcmake-install/gcc/6.2.0/x86_64-slc6 -with-system-zlib --disable-multilib --enable-languages=all --with-gnu-ld --with-ld=/build/gcc/lcgcmake-install/binutils/2.28/x86_64-slc6/bin/ld --with-gnu-as --with-as=/build/gcc/lcgcmake-install/binutils/2.28/x86_64-slc6/bin/as]
  ignore line: [Thread model: posix]
  ignore line: [gcc version 6.2.0 (GCC) ]
  ignore line: [COMPILER_PATH=/cvmfs/sft.cern.ch/lcg/releases/gcc/6.2.0-b9934/x86_64-slc6/bin/../libexec/gcc/x86_64-pc-linux-gnu/6.2.0/:/cvmfs/sft.cern.ch/lcg/releases/gcc/6.2.0-b9934/x86_64-slc6/bin/../libexec/gcc/:/cvmfs/sft.cern.ch/lcg/releases/gcc/6.2.0-b9934/x86_64-slc6/]
  ignore line: [LIBRARY_PATH=/cvmfs/sft.cern.ch/lcg/releases/gcc/6.2.0-b9934/x86_64-slc6/bin/../lib/gcc/x86_64-pc-linux-gnu/6.2.0/:/cvmfs/sft.cern.ch/lcg/releases/gcc/6.2.0-b9934/x86_64-slc6/bin/../lib/gcc/:/cvmfs/sft.cern.ch/lcg/releases/gcc/6.2.0-b9934/x86_64-slc6/bin/../lib/gcc/x86_64-pc-linux-gnu/6.2.0/../../../../lib64/:/lib/../lib64/:/usr/lib/../lib64/:/opt/intel/composer_xe_2013.3.163/compiler/lib/intel64/:/opt/intel/composer_xe_2013.3.163/compiler/lib/intel64/:/opt/intel/composer_xe_2013.3.163/mkl/lib/intel64/:/cvmfs/sft.cern.ch/lcg/releases/gcc/6.2.0-b9934/x86_64-slc6/bin/../lib/gcc/x86_64-pc-linux-gnu/6.2.0/../../../:/lib/:/usr/lib/]
  ignore line: [COLLECT_GCC_OPTIONS='-v' '-rdynamic' '-o' 'cmTC_ca5ed' '-shared-libgcc' '-mtune=generic' '-march=x86-64']
  link line: [ /cvmfs/sft.cern.ch/lcg/releases/gcc/6.2.0-b9934/x86_64-slc6/bin/../libexec/gcc/x86_64-pc-linux-gnu/6.2.0/collect2 -plugin /cvmfs/sft.cern.ch/lcg/releases/gcc/6.2.0-b9934/x86_64-slc6/bin/../libexec/gcc/x86_64-pc-linux-gnu/6.2.0/liblto_plugin.so -plugin-opt=/cvmfs/sft.cern.ch/lcg/releases/gcc/6.2.0-b9934/x86_64-slc6/bin/../libexec/gcc/x86_64-pc-linux-gnu/6.2.0/lto-wrapper -plugin-opt=-fresolution=/tmp/cc2CMWiw.res -plugin-opt=-pass-through=-lgcc_s -plugin-opt=-pass-through=-lgcc -plugin-opt=-pass-through=-lc -plugin-opt=-pass-through=-lgcc_s -plugin-opt=-pass-through=-lgcc --eh-frame-hdr -m elf_x86_64 -export-dynamic -dynamic-linker /lib64/ld-linux-x86-64.so.2 -o cmTC_ca5ed /usr/lib/../lib64/crt1.o /usr/lib/../lib64/crti.o /cvmfs/sft.cern.ch/lcg/releases/gcc/6.2.0-b9934/x86_64-slc6/bin/../lib/gcc/x86_64-pc-linux-gnu/6.2.0/crtbegin.o -L/cvmfs/sft.cern.ch/lcg/releases/gcc/6.2.0-b9934/x86_64-slc6/bin/../lib/gcc/x86_64-pc-linux-gnu/6.2.0 -L/cvmfs/sft.cern.ch/lcg/releases/gcc/6.2.0-b9934/x86_64-slc6/bin/../lib/gcc -L/cvmfs/sft.cern.ch/lcg/releases/gcc/6.2.0-b9934/x86_64-slc6/bin/../lib/gcc/x86_64-pc-linux-gnu/6.2.0/../../../../lib64 -L/lib/../lib64 -L/usr/lib/../lib64 -L/opt/intel/composer_xe_2013.3.163/compiler/lib/intel64 -L/opt/intel/composer_xe_2013.3.163/compiler/lib/intel64 -L/opt/intel/composer_xe_2013.3.163/mkl/lib/intel64 -L/cvmfs/sft.cern.ch/lcg/releases/gcc/6.2.0-b9934/x86_64-slc6/bin/../lib/gcc/x86_64-pc-linux-gnu/6.2.0/../../.. CMakeFiles/cmTC_ca5ed.dir/CMakeCXXCompilerABI.cpp.o -lstdc++ -lm -lgcc_s -lgcc -lc -lgcc_s -lgcc /cvmfs/sft.cern.ch/lcg/releases/gcc/6.2.0-b9934/x86_64-slc6/bin/../lib/gcc/x86_64-pc-linux-gnu/6.2.0/crtend.o /usr/lib/../lib64/crtn.o]
    arg [/cvmfs/sft.cern.ch/lcg/releases/gcc/6.2.0-b9934/x86_64-slc6/bin/../libexec/gcc/x86_64-pc-linux-gnu/6.2.0/collect2] ==> ignore
    arg [-plugin] ==> ignore
    arg [/cvmfs/sft.cern.ch/lcg/releases/gcc/6.2.0-b9934/x86_64-slc6/bin/../libexec/gcc/x86_64-pc-linux-gnu/6.2.0/liblto_plugin.so] ==> ignore
    arg [-plugin-opt=/cvmfs/sft.cern.ch/lcg/releases/gcc/6.2.0-b9934/x86_64-slc6/bin/../libexec/gcc/x86_64-pc-linux-gnu/6.2.0/lto-wrapper] ==> ignore
    arg [-plugin-opt=-fresolution=/tmp/cc2CMWiw.res] ==> ignore
    arg [-plugin-opt=-pass-through=-lgcc_s] ==> ignore
    arg [-plugin-opt=-pass-through=-lgcc] ==> ignore
    arg [-plugin-opt=-pass-through=-lc] ==> ignore
    arg [-plugin-opt=-pass-through=-lgcc_s] ==> ignore
    arg [-plugin-opt=-pass-through=-lgcc] ==> ignore
    arg [--eh-frame-hdr] ==> ignore
    arg [-m] ==> ignore
    arg [elf_x86_64] ==> ignore
    arg [-export-dynamic] ==> ignore
    arg [-dynamic-linker] ==> ignore
    arg [/lib64/ld-linux-x86-64.so.2] ==> ignore
    arg [-o] ==> ignore
    arg [cmTC_ca5ed] ==> ignore
    arg [/usr/lib/../lib64/crt1.o] ==> ignore
    arg [/usr/lib/../lib64/crti.o] ==> ignore
    arg [/cvmfs/sft.cern.ch/lcg/releases/gcc/6.2.0-b9934/x86_64-slc6/bin/../lib/gcc/x86_64-pc-linux-gnu/6.2.0/crtbegin.o] ==> ignore
    arg [-L/cvmfs/sft.cern.ch/lcg/releases/gcc/6.2.0-b9934/x86_64-slc6/bin/../lib/gcc/x86_64-pc-linux-gnu/6.2.0] ==> dir [/cvmfs/sft.cern.ch/lcg/releases/gcc/6.2.0-b9934/x86_64-slc6/bin/../lib/gcc/x86_64-pc-linux-gnu/6.2.0]
    arg [-L/cvmfs/sft.cern.ch/lcg/releases/gcc/6.2.0-b9934/x86_64-slc6/bin/../lib/gcc] ==> dir [/cvmfs/sft.cern.ch/lcg/releases/gcc/6.2.0-b9934/x86_64-slc6/bin/../lib/gcc]
    arg [-L/cvmfs/sft.cern.ch/lcg/releases/gcc/6.2.0-b9934/x86_64-slc6/bin/../lib/gcc/x86_64-pc-linux-gnu/6.2.0/../../../../lib64] ==> dir [/cvmfs/sft.cern.ch/lcg/releases/gcc/6.2.0-b9934/x86_64-slc6/bin/../lib/gcc/x86_64-pc-linux-gnu/6.2.0/../../../../lib64]
    arg [-L/lib/../lib64] ==> dir [/lib/../lib64]
    arg [-L/usr/lib/../lib64] ==> dir [/usr/lib/../lib64]
    arg [-L/opt/intel/composer_xe_2013.3.163/compiler/lib/intel64] ==> dir [/opt/intel/composer_xe_2013.3.163/compiler/lib/intel64]
    arg [-L/opt/intel/composer_xe_2013.3.163/compiler/lib/intel64] ==> dir [/opt/intel/composer_xe_2013.3.163/compiler/lib/intel64]
    arg [-L/opt/intel/composer_xe_2013.3.163/mkl/lib/intel64] ==> dir [/opt/intel/composer_xe_2013.3.163/mkl/lib/intel64]
    arg [-L/cvmfs/sft.cern.ch/lcg/releases/gcc/6.2.0-b9934/x86_64-slc6/bin/../lib/gcc/x86_64-pc-linux-gnu/6.2.0/../../..] ==> dir [/cvmfs/sft.cern.ch/lcg/releases/gcc/6.2.0-b9934/x86_64-slc6/bin/../lib/gcc/x86_64-pc-linux-gnu/6.2.0/../../..]
    arg [CMakeFiles/cmTC_ca5ed.dir/CMakeCXXCompilerABI.cpp.o] ==> ignore
    arg [-lstdc++] ==> lib [stdc++]
    arg [-lm] ==> lib [m]
    arg [-lgcc_s] ==> lib [gcc_s]
    arg [-lgcc] ==> lib [gcc]
    arg [-lc] ==> lib [c]
    arg [-lgcc_s] ==> lib [gcc_s]
    arg [-lgcc] ==> lib [gcc]
    arg [/cvmfs/sft.cern.ch/lcg/releases/gcc/6.2.0-b9934/x86_64-slc6/bin/../lib/gcc/x86_64-pc-linux-gnu/6.2.0/crtend.o] ==> ignore
    arg [/usr/lib/../lib64/crtn.o] ==> ignore
  collapse library dir [/cvmfs/sft.cern.ch/lcg/releases/gcc/6.2.0-b9934/x86_64-slc6/bin/../lib/gcc/x86_64-pc-linux-gnu/6.2.0] ==> [/cvmfs/sft.cern.ch/lcg/releases/gcc/6.2.0-b9934/x86_64-slc6/lib/gcc/x86_64-pc-linux-gnu/6.2.0]
  collapse library dir [/cvmfs/sft.cern.ch/lcg/releases/gcc/6.2.0-b9934/x86_64-slc6/bin/../lib/gcc] ==> [/cvmfs/sft.cern.ch/lcg/releases/gcc/6.2.0-b9934/x86_64-slc6/lib/gcc]
  collapse library dir [/cvmfs/sft.cern.ch/lcg/releases/gcc/6.2.0-b9934/x86_64-slc6/bin/../lib/gcc/x86_64-pc-linux-gnu/6.2.0/../../../../lib64] ==> [/cvmfs/sft.cern.ch/lcg/releases/gcc/6.2.0-b9934/x86_64-slc6/lib64]
  collapse library dir [/lib/../lib64] ==> [/lib64]
  collapse library dir [/usr/lib/../lib64] ==> [/usr/lib64]
  collapse library dir [/opt/intel/composer_xe_2013.3.163/compiler/lib/intel64] ==> [/opt/intel/composer_xe_2013.3.163/compiler/lib/intel64]
  collapse library dir [/opt/intel/composer_xe_2013.3.163/compiler/lib/intel64] ==> [/opt/intel/composer_xe_2013.3.163/compiler/lib/intel64]
  collapse library dir [/opt/intel/composer_xe_2013.3.163/mkl/lib/intel64] ==> [/opt/intel/composer_xe_2013.3.163/mkl/lib/intel64]
  collapse library dir [/cvmfs/sft.cern.ch/lcg/releases/gcc/6.2.0-b9934/x86_64-slc6/bin/../lib/gcc/x86_64-pc-linux-gnu/6.2.0/../../..] ==> [/cvmfs/sft.cern.ch/lcg/releases/gcc/6.2.0-b9934/x86_64-slc6/lib]
  implicit libs: [stdc++;m;gcc_s;gcc;c;gcc_s;gcc]
  implicit dirs: [/cvmfs/sft.cern.ch/lcg/releases/gcc/6.2.0-b9934/x86_64-slc6/lib/gcc/x86_64-pc-linux-gnu/6.2.0;/cvmfs/sft.cern.ch/lcg/releases/gcc/6.2.0-b9934/x86_64-slc6/lib/gcc;/cvmfs/sft.cern.ch/lcg/releases/gcc/6.2.0-b9934/x86_64-slc6/lib64;/lib64;/usr/lib64;/opt/intel/composer_xe_2013.3.163/compiler/lib/intel64;/opt/intel/composer_xe_2013.3.163/mkl/lib/intel64;/cvmfs/sft.cern.ch/lcg/releases/gcc/6.2.0-b9934/x86_64-slc6/lib]
  implicit fwks: []




Detecting CXX [-std=c++1z] compiler features compiled with the following output:
Change Dir: /home/ouxiaowei/gbbCalibPackage/build/CMakeFiles/CMakeTmp

Run Build Command:"/usr/bin/gmake" "cmTC_9db18/fast"
/usr/bin/gmake -f CMakeFiles/cmTC_9db18.dir/build.make CMakeFiles/cmTC_9db18.dir/build
gmake[1]: Entering directory `/home/ouxiaowei/gbbCalibPackage/build/CMakeFiles/CMakeTmp'
Building CXX object CMakeFiles/cmTC_9db18.dir/feature_tests.cxx.o
/cvmfs/sft.cern.ch/lcg/releases/gcc/6.2.0-b9934/x86_64-slc6/bin/g++    -std=c++1z -o CMakeFiles/cmTC_9db18.dir/feature_tests.cxx.o -c /home/ouxiaowei/gbbCalibPackage/build/CMakeFiles/feature_tests.cxx
Linking CXX executable cmTC_9db18
/cvmfs/atlas.cern.ch/repo/ATLASLocalRootBase/x86_64/Cmake/3.11.0/Linux-x86_64/bin/cmake -E cmake_link_script CMakeFiles/cmTC_9db18.dir/link.txt --verbose=1
/cvmfs/sft.cern.ch/lcg/releases/gcc/6.2.0-b9934/x86_64-slc6/bin/g++       -rdynamic CMakeFiles/cmTC_9db18.dir/feature_tests.cxx.o  -o cmTC_9db18 
gmake[1]: Leaving directory `/home/ouxiaowei/gbbCalibPackage/build/CMakeFiles/CMakeTmp'


    Feature record: CXX_FEATURE:1cxx_aggregate_default_initializers
    Feature record: CXX_FEATURE:1cxx_alias_templates
    Feature record: CXX_FEATURE:1cxx_alignas
    Feature record: CXX_FEATURE:1cxx_alignof
    Feature record: CXX_FEATURE:1cxx_attributes
    Feature record: CXX_FEATURE:1cxx_attribute_deprecated
    Feature record: CXX_FEATURE:1cxx_auto_type
    Feature record: CXX_FEATURE:1cxx_binary_literals
    Feature record: CXX_FEATURE:1cxx_constexpr
    Feature record: CXX_FEATURE:1cxx_contextual_conversions
    Feature record: CXX_FEATURE:1cxx_decltype
    Feature record: CXX_FEATURE:1cxx_decltype_auto
    Feature record: CXX_FEATURE:1cxx_decltype_incomplete_return_types
    Feature record: CXX_FEATURE:1cxx_default_function_template_args
    Feature record: CXX_FEATURE:1cxx_defaulted_functions
    Feature record: CXX_FEATURE:1cxx_defaulted_move_initializers
    Feature record: CXX_FEATURE:1cxx_delegating_constructors
    Feature record: CXX_FEATURE:1cxx_deleted_functions
    Feature record: CXX_FEATURE:1cxx_digit_separators
    Feature record: CXX_FEATURE:1cxx_enum_forward_declarations
    Feature record: CXX_FEATURE:1cxx_explicit_conversions
    Feature record: CXX_FEATURE:1cxx_extended_friend_declarations
    Feature record: CXX_FEATURE:1cxx_extern_templates
    Feature record: CXX_FEATURE:1cxx_final
    Feature record: CXX_FEATURE:1cxx_func_identifier
    Feature record: CXX_FEATURE:1cxx_generalized_initializers
    Feature record: CXX_FEATURE:1cxx_generic_lambdas
    Feature record: CXX_FEATURE:1cxx_inheriting_constructors
    Feature record: CXX_FEATURE:1cxx_inline_namespaces
    Feature record: CXX_FEATURE:1cxx_lambdas
    Feature record: CXX_FEATURE:1cxx_lambda_init_captures
    Feature record: CXX_FEATURE:1cxx_local_type_template_args
    Feature record: CXX_FEATURE:1cxx_long_long_type
    Feature record: CXX_FEATURE:1cxx_noexcept
    Feature record: CXX_FEATURE:1cxx_nonstatic_member_init
    Feature record: CXX_FEATURE:1cxx_nullptr
    Feature record: CXX_FEATURE:1cxx_override
    Feature record: CXX_FEATURE:1cxx_range_for
    Feature record: CXX_FEATURE:1cxx_raw_string_literals
    Feature record: CXX_FEATURE:1cxx_reference_qualified_functions
    Feature record: CXX_FEATURE:1cxx_relaxed_constexpr
    Feature record: CXX_FEATURE:1cxx_return_type_deduction
    Feature record: CXX_FEATURE:1cxx_right_angle_brackets
    Feature record: CXX_FEATURE:1cxx_rvalue_references
    Feature record: CXX_FEATURE:1cxx_sizeof_member
    Feature record: CXX_FEATURE:1cxx_static_assert
    Feature record: CXX_FEATURE:1cxx_strong_enums
    Feature record: CXX_FEATURE:1cxx_template_template_parameters
    Feature record: CXX_FEATURE:1cxx_thread_local
    Feature record: CXX_FEATURE:1cxx_trailing_return_types
    Feature record: CXX_FEATURE:1cxx_unicode_literals
    Feature record: CXX_FEATURE:1cxx_uniform_initialization
    Feature record: CXX_FEATURE:1cxx_unrestricted_unions
    Feature record: CXX_FEATURE:1cxx_user_literals
    Feature record: CXX_FEATURE:1cxx_variable_templates
    Feature record: CXX_FEATURE:1cxx_variadic_macros
    Feature record: CXX_FEATURE:1cxx_variadic_templates


Detecting CXX [-std=c++14] compiler features compiled with the following output:
Change Dir: /home/ouxiaowei/gbbCalibPackage/build/CMakeFiles/CMakeTmp

Run Build Command:"/usr/bin/gmake" "cmTC_ab755/fast"
/usr/bin/gmake -f CMakeFiles/cmTC_ab755.dir/build.make CMakeFiles/cmTC_ab755.dir/build
gmake[1]: Entering directory `/home/ouxiaowei/gbbCalibPackage/build/CMakeFiles/CMakeTmp'
Building CXX object CMakeFiles/cmTC_ab755.dir/feature_tests.cxx.o
/cvmfs/sft.cern.ch/lcg/releases/gcc/6.2.0-b9934/x86_64-slc6/bin/g++    -std=c++14 -o CMakeFiles/cmTC_ab755.dir/feature_tests.cxx.o -c /home/ouxiaowei/gbbCalibPackage/build/CMakeFiles/feature_tests.cxx
Linking CXX executable cmTC_ab755
/cvmfs/atlas.cern.ch/repo/ATLASLocalRootBase/x86_64/Cmake/3.11.0/Linux-x86_64/bin/cmake -E cmake_link_script CMakeFiles/cmTC_ab755.dir/link.txt --verbose=1
/cvmfs/sft.cern.ch/lcg/releases/gcc/6.2.0-b9934/x86_64-slc6/bin/g++       -rdynamic CMakeFiles/cmTC_ab755.dir/feature_tests.cxx.o  -o cmTC_ab755 
gmake[1]: Leaving directory `/home/ouxiaowei/gbbCalibPackage/build/CMakeFiles/CMakeTmp'


    Feature record: CXX_FEATURE:1cxx_aggregate_default_initializers
    Feature record: CXX_FEATURE:1cxx_alias_templates
    Feature record: CXX_FEATURE:1cxx_alignas
    Feature record: CXX_FEATURE:1cxx_alignof
    Feature record: CXX_FEATURE:1cxx_attributes
    Feature record: CXX_FEATURE:1cxx_attribute_deprecated
    Feature record: CXX_FEATURE:1cxx_auto_type
    Feature record: CXX_FEATURE:1cxx_binary_literals
    Feature record: CXX_FEATURE:1cxx_constexpr
    Feature record: CXX_FEATURE:1cxx_contextual_conversions
    Feature record: CXX_FEATURE:1cxx_decltype
    Feature record: CXX_FEATURE:1cxx_decltype_auto
    Feature record: CXX_FEATURE:1cxx_decltype_incomplete_return_types
    Feature record: CXX_FEATURE:1cxx_default_function_template_args
    Feature record: CXX_FEATURE:1cxx_defaulted_functions
    Feature record: CXX_FEATURE:1cxx_defaulted_move_initializers
    Feature record: CXX_FEATURE:1cxx_delegating_constructors
    Feature record: CXX_FEATURE:1cxx_deleted_functions
    Feature record: CXX_FEATURE:1cxx_digit_separators
    Feature record: CXX_FEATURE:1cxx_enum_forward_declarations
    Feature record: CXX_FEATURE:1cxx_explicit_conversions
    Feature record: CXX_FEATURE:1cxx_extended_friend_declarations
    Feature record: CXX_FEATURE:1cxx_extern_templates
    Feature record: CXX_FEATURE:1cxx_final
    Feature record: CXX_FEATURE:1cxx_func_identifier
    Feature record: CXX_FEATURE:1cxx_generalized_initializers
    Feature record: CXX_FEATURE:1cxx_generic_lambdas
    Feature record: CXX_FEATURE:1cxx_inheriting_constructors
    Feature record: CXX_FEATURE:1cxx_inline_namespaces
    Feature record: CXX_FEATURE:1cxx_lambdas
    Feature record: CXX_FEATURE:1cxx_lambda_init_captures
    Feature record: CXX_FEATURE:1cxx_local_type_template_args
    Feature record: CXX_FEATURE:1cxx_long_long_type
    Feature record: CXX_FEATURE:1cxx_noexcept
    Feature record: CXX_FEATURE:1cxx_nonstatic_member_init
    Feature record: CXX_FEATURE:1cxx_nullptr
    Feature record: CXX_FEATURE:1cxx_override
    Feature record: CXX_FEATURE:1cxx_range_for
    Feature record: CXX_FEATURE:1cxx_raw_string_literals
    Feature record: CXX_FEATURE:1cxx_reference_qualified_functions
    Feature record: CXX_FEATURE:1cxx_relaxed_constexpr
    Feature record: CXX_FEATURE:1cxx_return_type_deduction
    Feature record: CXX_FEATURE:1cxx_right_angle_brackets
    Feature record: CXX_FEATURE:1cxx_rvalue_references
    Feature record: CXX_FEATURE:1cxx_sizeof_member
    Feature record: CXX_FEATURE:1cxx_static_assert
    Feature record: CXX_FEATURE:1cxx_strong_enums
    Feature record: CXX_FEATURE:1cxx_template_template_parameters
    Feature record: CXX_FEATURE:1cxx_thread_local
    Feature record: CXX_FEATURE:1cxx_trailing_return_types
    Feature record: CXX_FEATURE:1cxx_unicode_literals
    Feature record: CXX_FEATURE:1cxx_uniform_initialization
    Feature record: CXX_FEATURE:1cxx_unrestricted_unions
    Feature record: CXX_FEATURE:1cxx_user_literals
    Feature record: CXX_FEATURE:1cxx_variable_templates
    Feature record: CXX_FEATURE:1cxx_variadic_macros
    Feature record: CXX_FEATURE:1cxx_variadic_templates


Detecting CXX [-std=c++11] compiler features compiled with the following output:
Change Dir: /home/ouxiaowei/gbbCalibPackage/build/CMakeFiles/CMakeTmp

Run Build Command:"/usr/bin/gmake" "cmTC_45cbd/fast"
/usr/bin/gmake -f CMakeFiles/cmTC_45cbd.dir/build.make CMakeFiles/cmTC_45cbd.dir/build
gmake[1]: Entering directory `/home/ouxiaowei/gbbCalibPackage/build/CMakeFiles/CMakeTmp'
Building CXX object CMakeFiles/cmTC_45cbd.dir/feature_tests.cxx.o
/cvmfs/sft.cern.ch/lcg/releases/gcc/6.2.0-b9934/x86_64-slc6/bin/g++    -std=c++11 -o CMakeFiles/cmTC_45cbd.dir/feature_tests.cxx.o -c /home/ouxiaowei/gbbCalibPackage/build/CMakeFiles/feature_tests.cxx
Linking CXX executable cmTC_45cbd
/cvmfs/atlas.cern.ch/repo/ATLASLocalRootBase/x86_64/Cmake/3.11.0/Linux-x86_64/bin/cmake -E cmake_link_script CMakeFiles/cmTC_45cbd.dir/link.txt --verbose=1
/cvmfs/sft.cern.ch/lcg/releases/gcc/6.2.0-b9934/x86_64-slc6/bin/g++       -rdynamic CMakeFiles/cmTC_45cbd.dir/feature_tests.cxx.o  -o cmTC_45cbd 
gmake[1]: Leaving directory `/home/ouxiaowei/gbbCalibPackage/build/CMakeFiles/CMakeTmp'


    Feature record: CXX_FEATURE:0cxx_aggregate_default_initializers
    Feature record: CXX_FEATURE:1cxx_alias_templates
    Feature record: CXX_FEATURE:1cxx_alignas
    Feature record: CXX_FEATURE:1cxx_alignof
    Feature record: CXX_FEATURE:1cxx_attributes
    Feature record: CXX_FEATURE:0cxx_attribute_deprecated
    Feature record: CXX_FEATURE:1cxx_auto_type
    Feature record: CXX_FEATURE:0cxx_binary_literals
    Feature record: CXX_FEATURE:1cxx_constexpr
    Feature record: CXX_FEATURE:0cxx_contextual_conversions
    Feature record: CXX_FEATURE:1cxx_decltype
    Feature record: CXX_FEATURE:0cxx_decltype_auto
    Feature record: CXX_FEATURE:1cxx_decltype_incomplete_return_types
    Feature record: CXX_FEATURE:1cxx_default_function_template_args
    Feature record: CXX_FEATURE:1cxx_defaulted_functions
    Feature record: CXX_FEATURE:1cxx_defaulted_move_initializers
    Feature record: CXX_FEATURE:1cxx_delegating_constructors
    Feature record: CXX_FEATURE:1cxx_deleted_functions
    Feature record: CXX_FEATURE:0cxx_digit_separators
    Feature record: CXX_FEATURE:1cxx_enum_forward_declarations
    Feature record: CXX_FEATURE:1cxx_explicit_conversions
    Feature record: CXX_FEATURE:1cxx_extended_friend_declarations
    Feature record: CXX_FEATURE:1cxx_extern_templates
    Feature record: CXX_FEATURE:1cxx_final
    Feature record: CXX_FEATURE:1cxx_func_identifier
    Feature record: CXX_FEATURE:1cxx_generalized_initializers
    Feature record: CXX_FEATURE:0cxx_generic_lambdas
    Feature record: CXX_FEATURE:1cxx_inheriting_constructors
    Feature record: CXX_FEATURE:1cxx_inline_namespaces
    Feature record: CXX_FEATURE:1cxx_lambdas
    Feature record: CXX_FEATURE:0cxx_lambda_init_captures
    Feature record: CXX_FEATURE:1cxx_local_type_template_args
    Feature record: CXX_FEATURE:1cxx_long_long_type
    Feature record: CXX_FEATURE:1cxx_noexcept
    Feature record: CXX_FEATURE:1cxx_nonstatic_member_init
    Feature record: CXX_FEATURE:1cxx_nullptr
    Feature record: CXX_FEATURE:1cxx_override
    Feature record: CXX_FEATURE:1cxx_range_for
    Feature record: CXX_FEATURE:1cxx_raw_string_literals
    Feature record: CXX_FEATURE:1cxx_reference_qualified_functions
    Feature record: CXX_FEATURE:0cxx_relaxed_constexpr
    Feature record: CXX_FEATURE:0cxx_return_type_deduction
    Feature record: CXX_FEATURE:1cxx_right_angle_brackets
    Feature record: CXX_FEATURE:1cxx_rvalue_references
    Feature record: CXX_FEATURE:1cxx_sizeof_member
    Feature record: CXX_FEATURE:1cxx_static_assert
    Feature record: CXX_FEATURE:1cxx_strong_enums
    Feature record: CXX_FEATURE:1cxx_template_template_parameters
    Feature record: CXX_FEATURE:1cxx_thread_local
    Feature record: CXX_FEATURE:1cxx_trailing_return_types
    Feature record: CXX_FEATURE:1cxx_unicode_literals
    Feature record: CXX_FEATURE:1cxx_uniform_initialization
    Feature record: CXX_FEATURE:1cxx_unrestricted_unions
    Feature record: CXX_FEATURE:1cxx_user_literals
    Feature record: CXX_FEATURE:0cxx_variable_templates
    Feature record: CXX_FEATURE:1cxx_variadic_macros
    Feature record: CXX_FEATURE:1cxx_variadic_templates


Detecting CXX [-std=c++98] compiler features compiled with the following output:
Change Dir: /home/ouxiaowei/gbbCalibPackage/build/CMakeFiles/CMakeTmp

Run Build Command:"/usr/bin/gmake" "cmTC_fa902/fast"
/usr/bin/gmake -f CMakeFiles/cmTC_fa902.dir/build.make CMakeFiles/cmTC_fa902.dir/build
gmake[1]: Entering directory `/home/ouxiaowei/gbbCalibPackage/build/CMakeFiles/CMakeTmp'
Building CXX object CMakeFiles/cmTC_fa902.dir/feature_tests.cxx.o
/cvmfs/sft.cern.ch/lcg/releases/gcc/6.2.0-b9934/x86_64-slc6/bin/g++    -std=c++98 -o CMakeFiles/cmTC_fa902.dir/feature_tests.cxx.o -c /home/ouxiaowei/gbbCalibPackage/build/CMakeFiles/feature_tests.cxx
Linking CXX executable cmTC_fa902
/cvmfs/atlas.cern.ch/repo/ATLASLocalRootBase/x86_64/Cmake/3.11.0/Linux-x86_64/bin/cmake -E cmake_link_script CMakeFiles/cmTC_fa902.dir/link.txt --verbose=1
/cvmfs/sft.cern.ch/lcg/releases/gcc/6.2.0-b9934/x86_64-slc6/bin/g++       -rdynamic CMakeFiles/cmTC_fa902.dir/feature_tests.cxx.o  -o cmTC_fa902 
gmake[1]: Leaving directory `/home/ouxiaowei/gbbCalibPackage/build/CMakeFiles/CMakeTmp'


    Feature record: CXX_FEATURE:0cxx_aggregate_default_initializers
    Feature record: CXX_FEATURE:0cxx_alias_templates
    Feature record: CXX_FEATURE:0cxx_alignas
    Feature record: CXX_FEATURE:0cxx_alignof
    Feature record: CXX_FEATURE:0cxx_attributes
    Feature record: CXX_FEATURE:0cxx_attribute_deprecated
    Feature record: CXX_FEATURE:0cxx_auto_type
    Feature record: CXX_FEATURE:0cxx_binary_literals
    Feature record: CXX_FEATURE:0cxx_constexpr
    Feature record: CXX_FEATURE:0cxx_contextual_conversions
    Feature record: CXX_FEATURE:0cxx_decltype
    Feature record: CXX_FEATURE:0cxx_decltype_auto
    Feature record: CXX_FEATURE:0cxx_decltype_incomplete_return_types
    Feature record: CXX_FEATURE:0cxx_default_function_template_args
    Feature record: CXX_FEATURE:0cxx_defaulted_functions
    Feature record: CXX_FEATURE:0cxx_defaulted_move_initializers
    Feature record: CXX_FEATURE:0cxx_delegating_constructors
    Feature record: CXX_FEATURE:0cxx_deleted_functions
    Feature record: CXX_FEATURE:0cxx_digit_separators
    Feature record: CXX_FEATURE:0cxx_enum_forward_declarations
    Feature record: CXX_FEATURE:0cxx_explicit_conversions
    Feature record: CXX_FEATURE:0cxx_extended_friend_declarations
    Feature record: CXX_FEATURE:0cxx_extern_templates
    Feature record: CXX_FEATURE:0cxx_final
    Feature record: CXX_FEATURE:0cxx_func_identifier
    Feature record: CXX_FEATURE:0cxx_generalized_initializers
    Feature record: CXX_FEATURE:0cxx_generic_lambdas
    Feature record: CXX_FEATURE:0cxx_inheriting_constructors
    Feature record: CXX_FEATURE:0cxx_inline_namespaces
    Feature record: CXX_FEATURE:0cxx_lambdas
    Feature record: CXX_FEATURE:0cxx_lambda_init_captures
    Feature record: CXX_FEATURE:0cxx_local_type_template_args
    Feature record: CXX_FEATURE:0cxx_long_long_type
    Feature record: CXX_FEATURE:0cxx_noexcept
    Feature record: CXX_FEATURE:0cxx_nonstatic_member_init
    Feature record: CXX_FEATURE:0cxx_nullptr
    Feature record: CXX_FEATURE:0cxx_override
    Feature record: CXX_FEATURE:0cxx_range_for
    Feature record: CXX_FEATURE:0cxx_raw_string_literals
    Feature record: CXX_FEATURE:0cxx_reference_qualified_functions
    Feature record: CXX_FEATURE:0cxx_relaxed_constexpr
    Feature record: CXX_FEATURE:0cxx_return_type_deduction
    Feature record: CXX_FEATURE:0cxx_right_angle_brackets
    Feature record: CXX_FEATURE:0cxx_rvalue_references
    Feature record: CXX_FEATURE:0cxx_sizeof_member
    Feature record: CXX_FEATURE:0cxx_static_assert
    Feature record: CXX_FEATURE:0cxx_strong_enums
    Feature record: CXX_FEATURE:1cxx_template_template_parameters
    Feature record: CXX_FEATURE:0cxx_thread_local
    Feature record: CXX_FEATURE:0cxx_trailing_return_types
    Feature record: CXX_FEATURE:0cxx_unicode_literals
    Feature record: CXX_FEATURE:0cxx_uniform_initialization
    Feature record: CXX_FEATURE:0cxx_unrestricted_unions
    Feature record: CXX_FEATURE:0cxx_user_literals
    Feature record: CXX_FEATURE:0cxx_variable_templates
    Feature record: CXX_FEATURE:0cxx_variadic_macros
    Feature record: CXX_FEATURE:0cxx_variadic_templates
Determining if the include file pthread.h exists passed with the following output:
Change Dir: /home/ouxiaowei/gbbCalibPackage/build/CMakeFiles/CMakeTmp

Run Build Command:"/usr/bin/gmake" "cmTC_5e42a/fast"
/usr/bin/gmake -f CMakeFiles/cmTC_5e42a.dir/build.make CMakeFiles/cmTC_5e42a.dir/build
gmake[1]: Entering directory `/home/ouxiaowei/gbbCalibPackage/build/CMakeFiles/CMakeTmp'
Building C object CMakeFiles/cmTC_5e42a.dir/CheckIncludeFile.c.o
/cvmfs/sft.cern.ch/lcg/releases/gcc/6.2.0-b9934/x86_64-slc6/bin/gcc    -o CMakeFiles/cmTC_5e42a.dir/CheckIncludeFile.c.o   -c /home/ouxiaowei/gbbCalibPackage/build/CMakeFiles/CMakeTmp/CheckIncludeFile.c
Linking C executable cmTC_5e42a
/cvmfs/atlas.cern.ch/repo/ATLASLocalRootBase/x86_64/Cmake/3.11.0/Linux-x86_64/bin/cmake -E cmake_link_script CMakeFiles/cmTC_5e42a.dir/link.txt --verbose=1
/cvmfs/sft.cern.ch/lcg/releases/gcc/6.2.0-b9934/x86_64-slc6/bin/gcc     -Wl,--as-needed -Wl,--hash-style=both  CMakeFiles/cmTC_5e42a.dir/CheckIncludeFile.c.o  -o cmTC_5e42a 
gmake[1]: Leaving directory `/home/ouxiaowei/gbbCalibPackage/build/CMakeFiles/CMakeTmp'


Performing C++ SOURCE FILE Test COMPILER_SUPPORTS_CXX14 succeeded with the following output:
Change Dir: /home/ouxiaowei/gbbCalibPackage/build/CMakeFiles/CMakeTmp

Run Build Command:"/usr/bin/gmake" "cmTC_d3975/fast"
/usr/bin/gmake -f CMakeFiles/cmTC_d3975.dir/build.make CMakeFiles/cmTC_d3975.dir/build
gmake[1]: Entering directory `/home/ouxiaowei/gbbCalibPackage/build/CMakeFiles/CMakeTmp'
Building CXX object CMakeFiles/cmTC_d3975.dir/src.cxx.o
/cvmfs/sft.cern.ch/lcg/releases/gcc/6.2.0-b9934/x86_64-slc6/bin/g++    -DCOMPILER_SUPPORTS_CXX14   -std=c++14 -o CMakeFiles/cmTC_d3975.dir/src.cxx.o -c /home/ouxiaowei/gbbCalibPackage/build/CMakeFiles/CMakeTmp/src.cxx
Linking CXX executable cmTC_d3975
/cvmfs/atlas.cern.ch/repo/ATLASLocalRootBase/x86_64/Cmake/3.11.0/Linux-x86_64/bin/cmake -E cmake_link_script CMakeFiles/cmTC_d3975.dir/link.txt --verbose=1
/cvmfs/sft.cern.ch/lcg/releases/gcc/6.2.0-b9934/x86_64-slc6/bin/g++   -DCOMPILER_SUPPORTS_CXX14    -rdynamic CMakeFiles/cmTC_d3975.dir/src.cxx.o  -o cmTC_d3975 
gmake[1]: Leaving directory `/home/ouxiaowei/gbbCalibPackage/build/CMakeFiles/CMakeTmp'

Source file was:
int main() { return 0;}
