000 (9370890.000.000) 08/01 17:31:17 Job submitted from host: <10.10.47.121:47383>
...
001 (9370890.000.000) 08/01 17:31:23 Job executing on host: <10.10.47.125:51802>
...
006 (9370890.000.000) 08/01 17:31:32 Image size of job updated: 1
	3  -  MemoryUsage of job (MB)
	2424  -  ResidentSetSize of job (KB)
...
006 (9370890.000.000) 08/01 17:34:00 Image size of job updated: 425368
	3  -  MemoryUsage of job (MB)
	2424  -  ResidentSetSize of job (KB)
...
005 (9370890.000.000) 08/01 17:34:00 Job terminated.
	(1) Normal termination (return value 0)
		Usr 0 00:01:40, Sys 0 00:00:00  -  Run Remote Usage
		Usr 0 00:00:00, Sys 0 00:00:00  -  Run Local Usage
		Usr 0 00:01:40, Sys 0 00:00:00  -  Total Remote Usage
		Usr 0 00:00:00, Sys 0 00:00:00  -  Total Local Usage
	0  -  Run Bytes Sent By Job
	0  -  Run Bytes Received By Job
	0  -  Total Bytes Sent By Job
	0  -  Total Bytes Received By Job
	Partitionable Resources :    Usage  Request          
	   Cpus                 :                 1          
	   Disk (KB)            :        1        1          
	   Memory (MB)          :        3        3          
...
