000 (9370891.000.000) 08/01 17:31:17 Job submitted from host: <10.10.47.121:47383>
...
001 (9370891.000.000) 08/01 17:31:25 Job executing on host: <10.10.47.127:39450>
...
006 (9370891.000.000) 08/01 17:31:34 Image size of job updated: 419900
	184  -  MemoryUsage of job (MB)
	187472  -  ResidentSetSize of job (KB)
...
006 (9370891.000.000) 08/01 17:35:14 Image size of job updated: 425768
	184  -  MemoryUsage of job (MB)
	187472  -  ResidentSetSize of job (KB)
...
005 (9370891.000.000) 08/01 17:35:15 Job terminated.
	(1) Normal termination (return value 0)
		Usr 0 00:03:02, Sys 0 00:00:02  -  Run Remote Usage
		Usr 0 00:00:00, Sys 0 00:00:00  -  Run Local Usage
		Usr 0 00:03:02, Sys 0 00:00:02  -  Total Remote Usage
		Usr 0 00:00:00, Sys 0 00:00:00  -  Total Local Usage
	0  -  Run Bytes Sent By Job
	0  -  Run Bytes Received By Job
	0  -  Total Bytes Sent By Job
	0  -  Total Bytes Received By Job
	Partitionable Resources :    Usage  Request          
	   Cpus                 :                 1          
	   Disk (KB)            :        1        1          
	   Memory (MB)          :      184      184          
...
