000 (9385803.000.000) 08/18 16:03:41 Job submitted from host: <10.10.47.121:47383>
...
001 (9385803.000.000) 08/18 16:04:01 Job executing on host: <10.10.47.130:56170>
...
006 (9385803.000.000) 08/18 16:04:09 Image size of job updated: 46728
	4  -  MemoryUsage of job (MB)
	3752  -  ResidentSetSize of job (KB)
...
006 (9385803.000.000) 08/18 16:07:13 Image size of job updated: 416456
	4  -  MemoryUsage of job (MB)
	3752  -  ResidentSetSize of job (KB)
...
005 (9385803.000.000) 08/18 16:07:13 Job terminated.
	(1) Normal termination (return value 0)
		Usr 0 00:01:34, Sys 0 00:00:00  -  Run Remote Usage
		Usr 0 00:00:00, Sys 0 00:00:00  -  Run Local Usage
		Usr 0 00:01:34, Sys 0 00:00:00  -  Total Remote Usage
		Usr 0 00:00:00, Sys 0 00:00:00  -  Total Local Usage
	0  -  Run Bytes Sent By Job
	0  -  Run Bytes Received By Job
	0  -  Total Bytes Sent By Job
	0  -  Total Bytes Received By Job
	Partitionable Resources :    Usage  Request          
	   Cpus                 :                 1          
	   Disk (KB)            :        2        2          
	   Memory (MB)          :        4        4          
...
